#
# There is insufficient memory for the Java Runtime Environment to continue.
# Native memory allocation (malloc) failed to allocate 1047456 bytes for Chunk::new
# Possible reasons:
#   The system is out of physical RAM or swap space
#   The process is running with CompressedOops enabled, and the Java Heap may be blocking the growth of the native heap
# Possible solutions:
#   Reduce memory load on the system
#   Increase physical memory or swap space
#   Check if swap backing store is full
#   Decrease Java heap size (-Xmx/-Xms)
#   Decrease number of Java threads
#   Decrease Java thread stack sizes (-Xss)
#   Set larger code cache with -XX:ReservedCodeCacheSize=
#   JVM is running with Unscaled Compressed Oops mode in which the Java heap is
#     placed in the first 4GB address space. The Java Heap base address is the
#     maximum limit for the native heap growth. Please use -XX:HeapBaseMinAddress
#     to set the Java Heap base and to place the Java Heap above 4GB virtual address.
# This output file may be truncated or incomplete.
#
#  Out of Memory Error (arena.cpp:189), pid=59548, tid=72748
#
# JRE version: OpenJDK Runtime Environment (17.0.6) (build 17.0.6+0-b2043.56-10027231)
# Java VM: OpenJDK 64-Bit Server VM (17.0.6+0-b2043.56-10027231, mixed mode, tiered, compressed oops, compressed class ptrs, g1 gc, windows-amd64)
# No core dump will be written. Minidumps are not enabled by default on client versions of Windows
#

---------------  S U M M A R Y ------------

Command Line: --add-opens=java.base/java.util=ALL-UNNAMED --add-opens=java.base/java.lang=ALL-UNNAMED --add-opens=java.base/java.lang.invoke=ALL-UNNAMED --add-opens=java.prefs/java.util.prefs=ALL-UNNAMED --add-opens=java.base/java.nio.charset=ALL-UNNAMED --add-opens=java.base/java.net=ALL-UNNAMED --add-opens=java.base/java.util.concurrent.atomic=ALL-UNNAMED -Xmx2048m -Dfile.encoding=UTF-8 -Duser.country=FR -Duser.language=fr -Duser.variant org.gradle.launcher.daemon.bootstrap.GradleDaemon 8.0

Host: AMD Ryzen 7 3700U with Radeon Vega Mobile Gfx  , 8 cores, 5G,  Windows 11 , 64 bit Build 22621 (10.0.22621.2506)
Time: Fri Nov 24 19:32:17 2023 Paris, Madrid elapsed time: 22.123972 seconds (0d 0h 0m 22s)

---------------  T H R E A D  ---------------

Current thread (0x000002190081bc00):  JavaThread "C2 CompilerThread0" daemon [_thread_in_native, id=72748, stack(0x000000c119100000,0x000000c119200000)]


Current CompileTask:
C2:  22124 11299       4       org.gradle.internal.snapshot.RegularFileSnapshot::accept (8 bytes)

Stack: [0x000000c119100000,0x000000c119200000]
Native frames: (J=compiled Java code, j=interpreted, Vv=VM code, C=native code)
V  [jvm.dll+0x683c9a]
V  [jvm.dll+0x8427a4]
V  [jvm.dll+0x843f9e]
V  [jvm.dll+0x844603]
V  [jvm.dll+0x249b75]
V  [jvm.dll+0xabcac]
V  [jvm.dll+0xac27c]
V  [jvm.dll+0x2b0eef]
V  [jvm.dll+0x58a267]
V  [jvm.dll+0x2243b2]
V  [jvm.dll+0x22478f]
V  [jvm.dll+0x21e055]
V  [jvm.dll+0x21b51b]
V  [jvm.dll+0x1a4fdd]
V  [jvm.dll+0x22b098]
V  [jvm.dll+0x229159]
V  [jvm.dll+0x7f81ec]
V  [jvm.dll+0x7f274a]
V  [jvm.dll+0x682ad5]
C  [ucrtbase.dll+0x29363]
C  [KERNEL32.DLL+0x1257d]
C  [ntdll.dll+0x5aa58]


---------------  P R O C E S S  ---------------

Threads class SMR info:
_java_thread_list=0x00000219018d7c10, length=136, elements={
0x0000021965f29710, 0x000002197fd6a970, 0x000002197fd6b7e0, 0x000002197fd95c30,
0x000002197fd967e0, 0x000002197fd992a0, 0x000002190081a000, 0x000002190081bc00,
0x0000021900827a10, 0x000002190082a410, 0x00000219009a95e0, 0x00000219009a9eb0,
0x0000021901731000, 0x00000219020370c0, 0x0000021901b23390, 0x0000021902c9ba10,
0x0000021902ca8310, 0x0000021902ca1c90, 0x0000021902cfa4c0, 0x000002190162e7e0,
0x000002190162b7c0, 0x000002190162e310, 0x000002190162c160, 0x000002190162bc90,
0x000002190162d4a0, 0x000002190162b2f0, 0x000002190162de40, 0x000002190162c630,
0x000002190162cb00, 0x000002190162cfd0, 0x000002190162ae20, 0x000002190334ab40,
0x0000021903344160, 0x000002190334b4e0, 0x00000219033454a0, 0x0000021903346cb0,
0x0000021903343c90, 0x0000021903344630, 0x000002190334b010, 0x0000021903344b00,
0x00000219033467e0, 0x0000021903346310, 0x0000021903347180, 0x0000021903347650,
0x0000021903348990, 0x0000021903347ff0, 0x0000021903348e60, 0x0000021903349330,
0x0000021903349cd0, 0x0000021905991b40, 0x0000021905992010, 0x00000219059924e0,
0x0000021905993cf0, 0x0000021905993350, 0x0000021905995500, 0x00000219059929b0,
0x0000021905997b80, 0x0000021905995ea0, 0x0000021905998050, 0x00000219059911a0,
0x0000021905990800, 0x0000021905990cd0, 0x0000021905992e80, 0x0000021905991670,
0x0000021905996840, 0x00000219059941c0, 0x0000021905993820, 0x0000021905994690,
0x0000021905994b60, 0x0000021905996d10, 0x0000021905995030, 0x00000219059959d0,
0x00000219059971e0, 0x0000021905996370, 0x00000219059976b0, 0x00000219054e3170,
0x00000219054ddfa0, 0x00000219054e1960, 0x00000219054de470, 0x00000219054e44b0,
0x00000219054ddad0, 0x00000219054de940, 0x00000219054e3640, 0x00000219054dee10,
0x00000219054df7b0, 0x00000219054e0150, 0x00000219054df2e0, 0x00000219054e3b10,
0x00000219054dfc80, 0x00000219054e3fe0, 0x00000219054e2ca0, 0x00000219054dcc60,
0x00000219054e27d0, 0x00000219054e1e30, 0x00000219054e0620, 0x00000219054e0af0,
0x00000219054e0fc0, 0x00000219054dd130, 0x00000219054dd600, 0x00000219054e2300,
0x00000219054e1490, 0x00000219008d4410, 0x00000219008d6a90, 0x00000219008d6f60,
0x00000219008d48e0, 0x00000219008d7430, 0x00000219008d0a50, 0x00000219008d60f0,
0x00000219008d65c0, 0x00000219008d4db0, 0x00000219008d35a0, 0x00000219008d2c00,
0x00000219008d2730, 0x00000219008d0f20, 0x00000219008d7900, 0x00000219008d00b0,
0x00000219008d5c20, 0x00000219008d0580, 0x00000219008d13f0, 0x00000219008d18c0,
0x00000219008d1d90, 0x00000219008d5280, 0x00000219008d3a70, 0x00000219008d5750,
0x00000219008d30d0, 0x00000219008d3f40, 0x0000021908f02470, 0x0000021908f01ad0,
0x0000021908efc900, 0x0000021908efcdd0, 0x0000021908efd2a0, 0x0000021908f01fa0,
0x0000021908efe5e0, 0x0000021908f02e10, 0x0000021908efeab0, 0x000002190370fb40
}

Java Threads: ( => current thread )
  0x0000021965f29710 JavaThread "main" [_thread_blocked, id=54596, stack(0x000000c118400000,0x000000c118500000)]
  0x000002197fd6a970 JavaThread "Reference Handler" daemon [_thread_blocked, id=80464, stack(0x000000c118b00000,0x000000c118c00000)]
  0x000002197fd6b7e0 JavaThread "Finalizer" daemon [_thread_blocked, id=76240, stack(0x000000c118c00000,0x000000c118d00000)]
  0x000002197fd95c30 JavaThread "Signal Dispatcher" daemon [_thread_blocked, id=80088, stack(0x000000c118d00000,0x000000c118e00000)]
  0x000002197fd967e0 JavaThread "Attach Listener" daemon [_thread_blocked, id=78764, stack(0x000000c118e00000,0x000000c118f00000)]
  0x000002197fd992a0 JavaThread "Service Thread" daemon [_thread_blocked, id=80348, stack(0x000000c118f00000,0x000000c119000000)]
  0x000002190081a000 JavaThread "Monitor Deflation Thread" daemon [_thread_blocked, id=77892, stack(0x000000c119000000,0x000000c119100000)]
=>0x000002190081bc00 JavaThread "C2 CompilerThread0" daemon [_thread_in_native, id=72748, stack(0x000000c119100000,0x000000c119200000)]
  0x0000021900827a10 JavaThread "C1 CompilerThread0" daemon [_thread_blocked, id=80512, stack(0x000000c119200000,0x000000c119300000)]
  0x000002190082a410 JavaThread "Sweeper thread" daemon [_thread_blocked, id=74652, stack(0x000000c119300000,0x000000c119400000)]
  0x00000219009a95e0 JavaThread "Common-Cleaner" daemon [_thread_blocked, id=72512, stack(0x000000c119400000,0x000000c119500000)]
  0x00000219009a9eb0 JavaThread "Notification Thread" daemon [_thread_blocked, id=77536, stack(0x000000c119500000,0x000000c119600000)]
  0x0000021901731000 JavaThread "Daemon health stats" [_thread_blocked, id=80676, stack(0x000000c119b00000,0x000000c119c00000)]
  0x00000219020370c0 JavaThread "Incoming local TCP Connector on port 4872" [_thread_in_native, id=80316, stack(0x000000c119c00000,0x000000c119d00000)]
  0x0000021901b23390 JavaThread "Daemon periodic checks" [_thread_blocked, id=80480, stack(0x000000c119d00000,0x000000c119e00000)]
  0x0000021902c9ba10 JavaThread "Daemon" [_thread_blocked, id=21092, stack(0x000000c119e00000,0x000000c119f00000)]
  0x0000021902ca8310 JavaThread "Handler for socket connection from /127.0.0.1:4872 to /127.0.0.1:4873" [_thread_in_native, id=75568, stack(0x000000c119f00000,0x000000c11a000000)]
  0x0000021902ca1c90 JavaThread "Cancel handler" [_thread_blocked, id=80188, stack(0x000000c11a000000,0x000000c11a100000)]
  0x0000021902cfa4c0 JavaThread "Daemon worker" [_thread_blocked, id=60016, stack(0x000000c11a100000,0x000000c11a200000)]
  0x000002190162e7e0 JavaThread "Asynchronous log dispatcher for DefaultDaemonConnection: socket connection from /127.0.0.1:4872 to /127.0.0.1:4873" [_thread_blocked, id=60164, stack(0x000000c11a200000,0x000000c11a300000)]
  0x000002190162b7c0 JavaThread "Stdin handler" [_thread_blocked, id=59028, stack(0x000000c11a300000,0x000000c11a400000)]
  0x000002190162e310 JavaThread "Daemon client event forwarder" [_thread_blocked, id=50744, stack(0x000000c11a400000,0x000000c11a500000)]
  0x000002190162c160 JavaThread "Cache worker for journal cache (C:\Users\Hateam\.gradle\caches\journal-1)" [_thread_blocked, id=73964, stack(0x000000c11a900000,0x000000c11aa00000)]
  0x000002190162bc90 JavaThread "File lock request listener" [_thread_in_native, id=71968, stack(0x000000c11aa00000,0x000000c11ab00000)]
  0x000002190162d4a0 JavaThread "Cache worker for file hash cache (C:\Users\Hateam\.gradle\caches\8.0\fileHashes)" [_thread_blocked, id=80440, stack(0x000000c11ab00000,0x000000c11ac00000)]
  0x000002190162b2f0 JavaThread "File watcher server" daemon [_thread_in_native, id=79708, stack(0x000000c11ac00000,0x000000c11ad00000)]
  0x000002190162de40 JavaThread "File watcher consumer" daemon [_thread_blocked, id=59596, stack(0x000000c11ad00000,0x000000c11ae00000)]
  0x000002190162c630 JavaThread "Cache worker for checksums cache (C:\Users\Hateam\AndroidStudioProjects\ApplicationLearning\.gradle\8.0\checksums)" [_thread_blocked, id=77276, stack(0x000000c11ae00000,0x000000c11af00000)]
  0x000002190162cb00 JavaThread "Cache worker for cache directory md-rule (C:\Users\Hateam\.gradle\caches\8.0\md-rule)" [_thread_blocked, id=72964, stack(0x000000c11af00000,0x000000c11b000000)]
  0x000002190162cfd0 JavaThread "Cache worker for file content cache (C:\Users\Hateam\.gradle\caches\8.0\fileContent)" [_thread_blocked, id=71240, stack(0x000000c11b000000,0x000000c11b100000)]
  0x000002190162ae20 JavaThread "Cache worker for file hash cache (C:\Users\Hateam\AndroidStudioProjects\ApplicationLearning\.gradle\8.0\fileHashes)" [_thread_blocked, id=78216, stack(0x000000c11b100000,0x000000c11b200000)]
  0x000002190334ab40 JavaThread "Cache worker for cache directory md-supplier (C:\Users\Hateam\.gradle\caches\8.0\md-supplier)" [_thread_blocked, id=31184, stack(0x000000c11b200000,0x000000c11b300000)]
  0x0000021903344160 JavaThread "Cache worker for execution history cache (C:\Users\Hateam\.gradle\caches\8.0\executionHistory)" [_thread_blocked, id=77164, stack(0x000000c11b300000,0x000000c11b400000)]
  0x000002190334b4e0 JavaThread "jar transforms" [_thread_blocked, id=74424, stack(0x000000c11b400000,0x000000c11b500000)]
  0x00000219033454a0 JavaThread "jar transforms Thread 2" [_thread_blocked, id=79952, stack(0x000000c11b600000,0x000000c11b700000)]
  0x0000021903346cb0 JavaThread "Cache worker for kotlin-dsl (C:\Users\Hateam\.gradle\caches\8.0\kotlin-dsl)" [_thread_blocked, id=79444, stack(0x000000c11b700000,0x000000c11b800000)]
  0x0000021903343c90 JavaThread "jar transforms Thread 3" [_thread_blocked, id=80820, stack(0x000000c11b800000,0x000000c11b900000)]
  0x0000021903344630 JavaThread "jar transforms Thread 4" [_thread_blocked, id=80132, stack(0x000000c11b900000,0x000000c11ba00000)]
  0x000002190334b010 JavaThread "Cache worker for dependencies-accessors (C:\Users\Hateam\AndroidStudioProjects\ApplicationLearning\.gradle\8.0\dependencies-accessors)" [_thread_blocked, id=78028, stack(0x000000c11ba00000,0x000000c11bb00000)]
  0x0000021903344b00 JavaThread "Cache worker for Build Output Cleanup Cache (C:\Users\Hateam\AndroidStudioProjects\ApplicationLearning\.gradle\buildOutputCleanup)" [_thread_blocked, id=72360, stack(0x000000c11bb00000,0x000000c11bc00000)]
  0x00000219033467e0 JavaThread "jar transforms Thread 5" [_thread_blocked, id=78996, stack(0x000000c11bc00000,0x000000c11bd00000)]
  0x0000021903346310 JavaThread "Unconstrained build operations" [_thread_blocked, id=67008, stack(0x000000c11be00000,0x000000c11bf00000)]
  0x0000021903347180 JavaThread "Unconstrained build operations Thread 2" [_thread_blocked, id=66648, stack(0x000000c11bf00000,0x000000c11c000000)]
  0x0000021903347650 JavaThread "Unconstrained build operations Thread 3" [_thread_blocked, id=80736, stack(0x000000c11c000000,0x000000c11c100000)]
  0x0000021903348990 JavaThread "Unconstrained build operations Thread 4" [_thread_blocked, id=79244, stack(0x000000c11c100000,0x000000c11c200000)]
  0x0000021903347ff0 JavaThread "Unconstrained build operations Thread 5" [_thread_blocked, id=80368, stack(0x000000c11c200000,0x000000c11c300000)]
  0x0000021903348e60 JavaThread "Unconstrained build operations Thread 6" [_thread_blocked, id=49136, stack(0x000000c11c300000,0x000000c11c400000)]
  0x0000021903349330 JavaThread "Unconstrained build operations Thread 7" [_thread_blocked, id=79684, stack(0x000000c11c400000,0x000000c11c500000)]
  0x0000021903349cd0 JavaThread "Unconstrained build operations Thread 8" [_thread_blocked, id=79756, stack(0x000000c11c500000,0x000000c11c600000)]
  0x0000021905991b40 JavaThread "Unconstrained build operations Thread 9" [_thread_blocked, id=65200, stack(0x000000c11c600000,0x000000c11c700000)]
  0x0000021905992010 JavaThread "Unconstrained build operations Thread 10" [_thread_blocked, id=74848, stack(0x000000c11c700000,0x000000c11c800000)]
  0x00000219059924e0 JavaThread "Unconstrained build operations Thread 11" [_thread_blocked, id=66356, stack(0x000000c11c800000,0x000000c11c900000)]
  0x0000021905993cf0 JavaThread "Unconstrained build operations Thread 12" [_thread_blocked, id=78292, stack(0x000000c11c900000,0x000000c11ca00000)]
  0x0000021905993350 JavaThread "Unconstrained build operations Thread 13" [_thread_blocked, id=80596, stack(0x000000c11ca00000,0x000000c11cb00000)]
  0x0000021905995500 JavaThread "Unconstrained build operations Thread 14" [_thread_blocked, id=80752, stack(0x000000c11cb00000,0x000000c11cc00000)]
  0x00000219059929b0 JavaThread "Unconstrained build operations Thread 15" [_thread_blocked, id=80160, stack(0x000000c11cc00000,0x000000c11cd00000)]
  0x0000021905997b80 JavaThread "Unconstrained build operations Thread 16" [_thread_blocked, id=79108, stack(0x000000c11cd00000,0x000000c11ce00000)]
  0x0000021905995ea0 JavaThread "Unconstrained build operations Thread 17" [_thread_blocked, id=67288, stack(0x000000c11ce00000,0x000000c11cf00000)]
  0x0000021905998050 JavaThread "Unconstrained build operations Thread 18" [_thread_blocked, id=80076, stack(0x000000c11cf00000,0x000000c11d000000)]
  0x00000219059911a0 JavaThread "Unconstrained build operations Thread 19" [_thread_blocked, id=72308, stack(0x000000c11d000000,0x000000c11d100000)]
  0x0000021905990800 JavaThread "Unconstrained build operations Thread 20" [_thread_blocked, id=78940, stack(0x000000c11d100000,0x000000c11d200000)]
  0x0000021905990cd0 JavaThread "Unconstrained build operations Thread 21" [_thread_blocked, id=77936, stack(0x000000c11d200000,0x000000c11d300000)]
  0x0000021905992e80 JavaThread "Unconstrained build operations Thread 22" [_thread_blocked, id=76272, stack(0x000000c11d300000,0x000000c11d400000)]
  0x0000021905991670 JavaThread "Unconstrained build operations Thread 23" [_thread_blocked, id=79752, stack(0x000000c11d400000,0x000000c11d500000)]
  0x0000021905996840 JavaThread "Unconstrained build operations Thread 24" [_thread_blocked, id=72928, stack(0x000000c11d500000,0x000000c11d600000)]
  0x00000219059941c0 JavaThread "Unconstrained build operations Thread 25" [_thread_blocked, id=58752, stack(0x000000c11d600000,0x000000c11d700000)]
  0x0000021905993820 JavaThread "Unconstrained build operations Thread 26" [_thread_blocked, id=77692, stack(0x000000c11d700000,0x000000c11d800000)]
  0x0000021905994690 JavaThread "Unconstrained build operations Thread 27" [_thread_blocked, id=79076, stack(0x000000c11d800000,0x000000c11d900000)]
  0x0000021905994b60 JavaThread "Unconstrained build operations Thread 28" [_thread_blocked, id=75564, stack(0x000000c11d900000,0x000000c11da00000)]
  0x0000021905996d10 JavaThread "Unconstrained build operations Thread 29" [_thread_blocked, id=66580, stack(0x000000c11da00000,0x000000c11db00000)]
  0x0000021905995030 JavaThread "Unconstrained build operations Thread 30" [_thread_blocked, id=78928, stack(0x000000c11db00000,0x000000c11dc00000)]
  0x00000219059959d0 JavaThread "Unconstrained build operations Thread 31" [_thread_blocked, id=78120, stack(0x000000c11dc00000,0x000000c11dd00000)]
  0x00000219059971e0 JavaThread "Unconstrained build operations Thread 32" [_thread_blocked, id=80164, stack(0x000000c11dd00000,0x000000c11de00000)]
  0x0000021905996370 JavaThread "Unconstrained build operations Thread 33" [_thread_blocked, id=67732, stack(0x000000c11de00000,0x000000c11df00000)]
  0x00000219059976b0 JavaThread "Unconstrained build operations Thread 34" [_thread_blocked, id=78168, stack(0x000000c11df00000,0x000000c11e000000)]
  0x00000219054e3170 JavaThread "Unconstrained build operations Thread 35" [_thread_blocked, id=70364, stack(0x000000c11e000000,0x000000c11e100000)]
  0x00000219054ddfa0 JavaThread "Unconstrained build operations Thread 36" [_thread_blocked, id=71440, stack(0x000000c11e100000,0x000000c11e200000)]
  0x00000219054e1960 JavaThread "Unconstrained build operations Thread 37" [_thread_blocked, id=72136, stack(0x000000c11e200000,0x000000c11e300000)]
  0x00000219054de470 JavaThread "Unconstrained build operations Thread 38" [_thread_blocked, id=73892, stack(0x000000c11e300000,0x000000c11e400000)]
  0x00000219054e44b0 JavaThread "Unconstrained build operations Thread 39" [_thread_blocked, id=79992, stack(0x000000c11e400000,0x000000c11e500000)]
  0x00000219054ddad0 JavaThread "Unconstrained build operations Thread 40" [_thread_blocked, id=73540, stack(0x000000c11e500000,0x000000c11e600000)]
  0x00000219054de940 JavaThread "Unconstrained build operations Thread 41" [_thread_blocked, id=78332, stack(0x000000c11e600000,0x000000c11e700000)]
  0x00000219054e3640 JavaThread "Unconstrained build operations Thread 42" [_thread_blocked, id=79876, stack(0x000000c11e700000,0x000000c11e800000)]
  0x00000219054dee10 JavaThread "Unconstrained build operations Thread 43" [_thread_blocked, id=80672, stack(0x000000c11e800000,0x000000c11e900000)]
  0x00000219054df7b0 JavaThread "Unconstrained build operations Thread 44" [_thread_blocked, id=77460, stack(0x000000c11e900000,0x000000c11ea00000)]
  0x00000219054e0150 JavaThread "Unconstrained build operations Thread 45" [_thread_blocked, id=77044, stack(0x000000c11ea00000,0x000000c11eb00000)]
  0x00000219054df2e0 JavaThread "Unconstrained build operations Thread 46" [_thread_blocked, id=80580, stack(0x000000c11eb00000,0x000000c11ec00000)]
  0x00000219054e3b10 JavaThread "Unconstrained build operations Thread 47" [_thread_blocked, id=75864, stack(0x000000c11ec00000,0x000000c11ed00000)]
  0x00000219054dfc80 JavaThread "Unconstrained build operations Thread 48" [_thread_blocked, id=48624, stack(0x000000c11ed00000,0x000000c11ee00000)]
  0x00000219054e3fe0 JavaThread "Unconstrained build operations Thread 49" [_thread_blocked, id=79040, stack(0x000000c11ee00000,0x000000c11ef00000)]
  0x00000219054e2ca0 JavaThread "Unconstrained build operations Thread 50" [_thread_blocked, id=68532, stack(0x000000c11ef00000,0x000000c11f000000)]
  0x00000219054dcc60 JavaThread "Unconstrained build operations Thread 51" [_thread_blocked, id=33188, stack(0x000000c11f000000,0x000000c11f100000)]
  0x00000219054e27d0 JavaThread "Unconstrained build operations Thread 52" [_thread_blocked, id=78064, stack(0x000000c11f100000,0x000000c11f200000)]
  0x00000219054e1e30 JavaThread "Unconstrained build operations Thread 53" [_thread_blocked, id=79884, stack(0x000000c11f200000,0x000000c11f300000)]
  0x00000219054e0620 JavaThread "Unconstrained build operations Thread 54" [_thread_blocked, id=80476, stack(0x000000c11f300000,0x000000c11f400000)]
  0x00000219054e0af0 JavaThread "Unconstrained build operations Thread 55" [_thread_blocked, id=79920, stack(0x000000c11f400000,0x000000c11f500000)]
  0x00000219054e0fc0 JavaThread "Unconstrained build operations Thread 56" [_thread_blocked, id=64868, stack(0x000000c11f500000,0x000000c11f600000)]
  0x00000219054dd130 JavaThread "Unconstrained build operations Thread 57" [_thread_blocked, id=78128, stack(0x000000c11f600000,0x000000c11f700000)]
  0x00000219054dd600 JavaThread "Unconstrained build operations Thread 58" [_thread_blocked, id=60036, stack(0x000000c11f700000,0x000000c11f800000)]
  0x00000219054e2300 JavaThread "Unconstrained build operations Thread 59" [_thread_blocked, id=76880, stack(0x000000c11f800000,0x000000c11f900000)]
  0x00000219054e1490 JavaThread "Unconstrained build operations Thread 60" [_thread_blocked, id=80112, stack(0x000000c11f900000,0x000000c11fa00000)]
  0x00000219008d4410 JavaThread "Unconstrained build operations Thread 61" [_thread_blocked, id=77496, stack(0x000000c11fa00000,0x000000c11fb00000)]
  0x00000219008d6a90 JavaThread "Unconstrained build operations Thread 62" [_thread_blocked, id=79096, stack(0x000000c11fb00000,0x000000c11fc00000)]
  0x00000219008d6f60 JavaThread "Unconstrained build operations Thread 63" [_thread_blocked, id=79492, stack(0x000000c11fc00000,0x000000c11fd00000)]
  0x00000219008d48e0 JavaThread "Unconstrained build operations Thread 64" [_thread_blocked, id=78592, stack(0x000000c11fd00000,0x000000c11fe00000)]
  0x00000219008d7430 JavaThread "Unconstrained build operations Thread 65" [_thread_blocked, id=77888, stack(0x000000c11fe00000,0x000000c11ff00000)]
  0x00000219008d0a50 JavaThread "Unconstrained build operations Thread 66" [_thread_blocked, id=80400, stack(0x000000c11ff00000,0x000000c120000000)]
  0x00000219008d60f0 JavaThread "Unconstrained build operations Thread 67" [_thread_blocked, id=80564, stack(0x000000c120000000,0x000000c120100000)]
  0x00000219008d65c0 JavaThread "Unconstrained build operations Thread 68" [_thread_blocked, id=79956, stack(0x000000c120100000,0x000000c120200000)]
  0x00000219008d4db0 JavaThread "Unconstrained build operations Thread 69" [_thread_blocked, id=80644, stack(0x000000c120200000,0x000000c120300000)]
  0x00000219008d35a0 JavaThread "Unconstrained build operations Thread 70" [_thread_blocked, id=78308, stack(0x000000c120300000,0x000000c120400000)]
  0x00000219008d2c00 JavaThread "Unconstrained build operations Thread 71" [_thread_blocked, id=79048, stack(0x000000c120400000,0x000000c120500000)]
  0x00000219008d2730 JavaThread "Unconstrained build operations Thread 72" [_thread_blocked, id=80708, stack(0x000000c120500000,0x000000c120600000)]
  0x00000219008d0f20 JavaThread "Unconstrained build operations Thread 73" [_thread_blocked, id=79736, stack(0x000000c120600000,0x000000c120700000)]
  0x00000219008d7900 JavaThread "Unconstrained build operations Thread 74" [_thread_blocked, id=78124, stack(0x000000c120700000,0x000000c120800000)]
  0x00000219008d00b0 JavaThread "Unconstrained build operations Thread 75" [_thread_blocked, id=79776, stack(0x000000c120800000,0x000000c120900000)]
  0x00000219008d5c20 JavaThread "Unconstrained build operations Thread 76" [_thread_blocked, id=63180, stack(0x000000c120900000,0x000000c120a00000)]
  0x00000219008d0580 JavaThread "Unconstrained build operations Thread 77" [_thread_blocked, id=72724, stack(0x000000c120a00000,0x000000c120b00000)]
  0x00000219008d13f0 JavaThread "Unconstrained build operations Thread 78" [_thread_blocked, id=43208, stack(0x000000c120b00000,0x000000c120c00000)]
  0x00000219008d18c0 JavaThread "Unconstrained build operations Thread 79" [_thread_blocked, id=78248, stack(0x000000c120c00000,0x000000c120d00000)]
  0x00000219008d1d90 JavaThread "Unconstrained build operations Thread 80" [_thread_blocked, id=80392, stack(0x000000c120d00000,0x000000c120e00000)]
  0x00000219008d5280 JavaThread "jar transforms Thread 6" [_thread_blocked, id=79456, stack(0x000000c120f00000,0x000000c121000000)]
  0x00000219008d3a70 JavaThread "jar transforms Thread 7" [_thread_blocked, id=80148, stack(0x000000c121000000,0x000000c121100000)]
  0x00000219008d5750 JavaThread "jar transforms Thread 8" [_thread_blocked, id=79412, stack(0x000000c121100000,0x000000c121200000)]
  0x00000219008d30d0 JavaThread "build event listener" [_thread_blocked, id=54060, stack(0x000000c121200000,0x000000c121300000)]
  0x00000219008d3f40 JavaThread "Memory manager" [_thread_blocked, id=78192, stack(0x000000c121300000,0x000000c121400000)]
  0x0000021908f02470 JavaThread "included builds" [_thread_blocked, id=76172, stack(0x000000c121500000,0x000000c121600000)]
  0x0000021908f01ad0 JavaThread "Execution worker" [_thread_blocked, id=80096, stack(0x000000c121600000,0x000000c121700000)]
  0x0000021908efc900 JavaThread "Execution worker Thread 2" [_thread_blocked, id=75904, stack(0x000000c121700000,0x000000c121800000)]
  0x0000021908efcdd0 JavaThread "Execution worker Thread 3" [_thread_blocked, id=79236, stack(0x000000c121800000,0x000000c121900000)]
  0x0000021908efd2a0 JavaThread "Execution worker Thread 4" [_thread_blocked, id=59288, stack(0x000000c121900000,0x000000c121a00000)]
  0x0000021908f01fa0 JavaThread "Execution worker Thread 5" [_thread_blocked, id=79020, stack(0x000000c121a00000,0x000000c121b00000)]
  0x0000021908efe5e0 JavaThread "Execution worker Thread 6" [_thread_blocked, id=48756, stack(0x000000c121b00000,0x000000c121c00000)]
  0x0000021908f02e10 JavaThread "Execution worker Thread 7" [_thread_blocked, id=59472, stack(0x000000c121c00000,0x000000c121d00000)]
  0x0000021908efeab0 JavaThread "Cache worker for execution history cache (C:\Users\Hateam\AndroidStudioProjects\ApplicationLearning\.gradle\8.0\executionHistory)" [_thread_blocked, id=80552, stack(0x000000c121d00000,0x000000c121e00000)]
  0x000002190370fb40 JavaThread "WorkerExecutor Queue" [_thread_blocked, id=79532, stack(0x000000c121e00000,0x000000c121f00000)]

Other Threads:
  0x000002197fd67c60 VMThread "VM Thread" [stack: 0x000000c118a00000,0x000000c118b00000] [id=52672]
  0x00000219009acde0 WatcherThread [stack: 0x000000c119600000,0x000000c119700000] [id=79160]
  0x0000021965f877e0 GCTaskThread "GC Thread#0" [stack: 0x000000c118500000,0x000000c118600000] [id=39668]
  0x00000219019e4450 GCTaskThread "GC Thread#1" [stack: 0x000000c119800000,0x000000c119900000] [id=3324]
  0x00000219016cf290 GCTaskThread "GC Thread#2" [stack: 0x000000c119900000,0x000000c119a00000] [id=80168]
  0x000002190153cea0 GCTaskThread "GC Thread#3" [stack: 0x000000c119a00000,0x000000c119b00000] [id=80524]
  0x0000021901de4c90 GCTaskThread "GC Thread#4" [stack: 0x000000c119700000,0x000000c119800000] [id=69128]
  0x0000021902dee650 GCTaskThread "GC Thread#5" [stack: 0x000000c11a500000,0x000000c11a600000] [id=64596]
  0x0000021902ecdf50 GCTaskThread "GC Thread#6" [stack: 0x000000c11a600000,0x000000c11a700000] [id=53724]
  0x0000021902d8fea0 GCTaskThread "GC Thread#7" [stack: 0x000000c11a700000,0x000000c11a800000] [id=74472]
  0x0000021965f98720 ConcurrentGCThread "G1 Main Marker" [stack: 0x000000c118600000,0x000000c118700000] [id=70884]
  0x0000021965f998d0 ConcurrentGCThread "G1 Conc#0" [stack: 0x000000c118700000,0x000000c118800000] [id=54248]
  0x0000021902d90150 ConcurrentGCThread "G1 Conc#1" [stack: 0x000000c11a800000,0x000000c11a900000] [id=67548]
  0x000002197fbc0cc0 ConcurrentGCThread "G1 Refine#0" [stack: 0x000000c118800000,0x000000c118900000] [id=80040]
  0x000002190547d160 ConcurrentGCThread "G1 Refine#1" [stack: 0x000000c11b500000,0x000000c11b600000] [id=67632]
  0x0000021908f2a340 ConcurrentGCThread "G1 Refine#2" [stack: 0x000000c120e00000,0x000000c120f00000] [id=75268]
  0x0000021908f2bd20 ConcurrentGCThread "G1 Refine#3" [stack: 0x000000c121400000,0x000000c121500000] [id=80880]
  0x000002197fbc16e0 ConcurrentGCThread "G1 Service" [stack: 0x000000c118900000,0x000000c118a00000] [id=60816]

Threads with active compile tasks:
C2 CompilerThread0    22191 11299       4       org.gradle.internal.snapshot.RegularFileSnapshot::accept (8 bytes)

VM state: at safepoint (normal execution)

VM Mutex/Monitor currently owned by a thread:  ([mutex/lock_event])
[0x0000021965f24940] Threads_lock - owner thread: 0x000002197fd67c60
[0x0000021965f25bd0] Heap_lock - owner thread: 0x000002190162de40

Heap address: 0x0000000080000000, size: 2048 MB, Compressed Oops mode: 32-bit

CDS archive(s) not mapped
Compressed class space mapped at: 0x0000000100000000-0x0000000140000000, reserved size: 1073741824
Narrow klass base: 0x0000000000000000, Narrow klass shift: 3, Narrow klass range: 0x140000000

GC Precious Log:
 CPUs: 8 total, 8 available
 Memory: 6091M
 Large Page Support: Disabled
 NUMA Support: Disabled
 Compressed Oops: Enabled (32-bit)
 Heap Region Size: 1M
 Heap Min Capacity: 8M
 Heap Initial Capacity: 96M
 Heap Max Capacity: 2G
 Pre-touch: Disabled
 Parallel Workers: 8
 Concurrent Workers: 2
 Concurrent Refinement Workers: 8
 Periodic GC: Disabled

Heap:
 garbage-first heap   total 173056K, used 94743K [0x0000000080000000, 0x0000000100000000)
  region size 1024K, 3 young (3072K), 3 survivors (3072K)
 Metaspace       used 103759K, committed 104576K, reserved 1146880K
  class space    used 14081K, committed 14464K, reserved 1048576K

Heap Regions: E=young(eden), S=young(survivor), O=old, HS=humongous(starts), HC=humongous(continues), CS=collection set, F=free, OA=open archive, CA=closed archive, TAMS=top-at-mark-start (previous, next)
|   0|0x0000000080000000, 0x0000000080100000, 0x0000000080100000|100%|HS|  |TAMS 0x0000000080100000, 0x0000000080000000| Complete 
|   1|0x0000000080100000, 0x0000000080200000, 0x0000000080200000|100%|HC|  |TAMS 0x0000000080200000, 0x0000000080100000| Complete 
|   2|0x0000000080200000, 0x0000000080300000, 0x0000000080300000|100%|HC|  |TAMS 0x0000000080300000, 0x0000000080200000| Complete 
|   3|0x0000000080300000, 0x0000000080400000, 0x0000000080400000|100%|HC|  |TAMS 0x0000000080400000, 0x0000000080300000| Complete 
|   4|0x0000000080400000, 0x0000000080500000, 0x0000000080500000|100%| O|  |TAMS 0x0000000080500000, 0x0000000080400000| Untracked 
|   5|0x0000000080500000, 0x0000000080600000, 0x0000000080600000|100%| O|  |TAMS 0x0000000080600000, 0x0000000080500000| Untracked 
|   6|0x0000000080600000, 0x0000000080700000, 0x0000000080700000|100%| O|  |TAMS 0x0000000080700000, 0x0000000080600000| Untracked 
|   7|0x0000000080700000, 0x0000000080800000, 0x0000000080800000|100%| O|  |TAMS 0x0000000080800000, 0x0000000080700000| Untracked 
|   8|0x0000000080800000, 0x0000000080900000, 0x0000000080900000|100%| O|  |TAMS 0x0000000080900000, 0x0000000080800000| Untracked 
|   9|0x0000000080900000, 0x0000000080a00000, 0x0000000080a00000|100%| O|  |TAMS 0x0000000080a00000, 0x0000000080900000| Untracked 
|  10|0x0000000080a00000, 0x0000000080b00000, 0x0000000080b00000|100%| O|  |TAMS 0x0000000080b00000, 0x0000000080a00000| Untracked 
|  11|0x0000000080b00000, 0x0000000080c00000, 0x0000000080c00000|100%| O|  |TAMS 0x0000000080c00000, 0x0000000080b00000| Untracked 
|  12|0x0000000080c00000, 0x0000000080d00000, 0x0000000080d00000|100%| O|  |TAMS 0x0000000080d00000, 0x0000000080c00000| Untracked 
|  13|0x0000000080d00000, 0x0000000080e00000, 0x0000000080e00000|100%| O|  |TAMS 0x0000000080e00000, 0x0000000080d00000| Untracked 
|  14|0x0000000080e00000, 0x0000000080f00000, 0x0000000080f00000|100%| O|  |TAMS 0x0000000080f00000, 0x0000000080e00000| Untracked 
|  15|0x0000000080f00000, 0x0000000081000000, 0x0000000081000000|100%| O|  |TAMS 0x0000000081000000, 0x0000000080f00000| Untracked 
|  16|0x0000000081000000, 0x0000000081100000, 0x0000000081100000|100%| O|  |TAMS 0x0000000081100000, 0x0000000081000000| Untracked 
|  17|0x0000000081100000, 0x0000000081200000, 0x0000000081200000|100%| O|  |TAMS 0x0000000081200000, 0x0000000081100000| Untracked 
|  18|0x0000000081200000, 0x0000000081300000, 0x0000000081300000|100%| O|  |TAMS 0x0000000081300000, 0x0000000081200000| Untracked 
|  19|0x0000000081300000, 0x0000000081400000, 0x0000000081400000|100%| O|  |TAMS 0x0000000081400000, 0x0000000081300000| Untracked 
|  20|0x0000000081400000, 0x0000000081500000, 0x0000000081500000|100%| O|  |TAMS 0x0000000081500000, 0x0000000081400000| Untracked 
|  21|0x0000000081500000, 0x0000000081600000, 0x0000000081600000|100%| O|  |TAMS 0x0000000081600000, 0x0000000081500000| Untracked 
|  22|0x0000000081600000, 0x0000000081700000, 0x0000000081700000|100%| O|  |TAMS 0x0000000081700000, 0x0000000081600000| Untracked 
|  23|0x0000000081700000, 0x0000000081800000, 0x0000000081800000|100%| O|  |TAMS 0x0000000081800000, 0x0000000081700000| Untracked 
|  24|0x0000000081800000, 0x0000000081900000, 0x0000000081900000|100%| O|  |TAMS 0x0000000081900000, 0x0000000081800000| Untracked 
|  25|0x0000000081900000, 0x0000000081a00000, 0x0000000081a00000|100%| O|  |TAMS 0x0000000081a00000, 0x0000000081900000| Untracked 
|  26|0x0000000081a00000, 0x0000000081b00000, 0x0000000081b00000|100%| O|  |TAMS 0x0000000081a00000, 0x0000000081a00000| Untracked 
|  27|0x0000000081b00000, 0x0000000081c00000, 0x0000000081c00000|100%| O|  |TAMS 0x0000000081c00000, 0x0000000081b00000| Untracked 
|  28|0x0000000081c00000, 0x0000000081d00000, 0x0000000081d00000|100%| O|  |TAMS 0x0000000081d00000, 0x0000000081c00000| Untracked 
|  29|0x0000000081d00000, 0x0000000081e00000, 0x0000000081e00000|100%| O|  |TAMS 0x0000000081e00000, 0x0000000081d00000| Untracked 
|  30|0x0000000081e00000, 0x0000000081f00000, 0x0000000081f00000|100%| O|  |TAMS 0x0000000081f00000, 0x0000000081e00000| Untracked 
|  31|0x0000000081f00000, 0x0000000082000000, 0x0000000082000000|100%| O|  |TAMS 0x0000000082000000, 0x0000000081f00000| Untracked 
|  32|0x0000000082000000, 0x0000000082100000, 0x0000000082100000|100%| O|  |TAMS 0x0000000082100000, 0x0000000082000000| Untracked 
|  33|0x0000000082100000, 0x0000000082200000, 0x0000000082200000|100%| O|  |TAMS 0x0000000082200000, 0x0000000082100000| Untracked 
|  34|0x0000000082200000, 0x0000000082300000, 0x0000000082300000|100%| O|  |TAMS 0x0000000082300000, 0x0000000082200000| Untracked 
|  35|0x0000000082300000, 0x0000000082400000, 0x0000000082400000|100%| O|  |TAMS 0x0000000082400000, 0x0000000082300000| Untracked 
|  36|0x0000000082400000, 0x0000000082500000, 0x0000000082500000|100%|HS|  |TAMS 0x0000000082500000, 0x0000000082400000| Complete 
|  37|0x0000000082500000, 0x0000000082600000, 0x0000000082600000|100%| O|  |TAMS 0x0000000082600000, 0x0000000082500000| Untracked 
|  38|0x0000000082600000, 0x0000000082700000, 0x0000000082700000|100%| O|  |TAMS 0x0000000082700000, 0x0000000082600000| Untracked 
|  39|0x0000000082700000, 0x0000000082800000, 0x0000000082800000|100%| O|  |TAMS 0x0000000082800000, 0x0000000082700000| Untracked 
|  40|0x0000000082800000, 0x0000000082900000, 0x0000000082900000|100%|HS|  |TAMS 0x0000000082900000, 0x0000000082800000| Complete 
|  41|0x0000000082900000, 0x0000000082a00000, 0x0000000082a00000|100%|HS|  |TAMS 0x0000000082a00000, 0x0000000082900000| Complete 
|  42|0x0000000082a00000, 0x0000000082b00000, 0x0000000082b00000|100%|HC|  |TAMS 0x0000000082b00000, 0x0000000082a00000| Complete 
|  43|0x0000000082b00000, 0x0000000082c00000, 0x0000000082c00000|100%|HS|  |TAMS 0x0000000082c00000, 0x0000000082b00000| Complete 
|  44|0x0000000082c00000, 0x0000000082d00000, 0x0000000082d00000|100%| O|  |TAMS 0x0000000082d00000, 0x0000000082c00000| Untracked 
|  45|0x0000000082d00000, 0x0000000082e00000, 0x0000000082e00000|100%|HS|  |TAMS 0x0000000082e00000, 0x0000000082d00000| Complete 
|  46|0x0000000082e00000, 0x0000000082f00000, 0x0000000082f00000|100%|HC|  |TAMS 0x0000000082f00000, 0x0000000082e00000| Complete 
|  47|0x0000000082f00000, 0x0000000083000000, 0x0000000083000000|100%|HC|  |TAMS 0x0000000083000000, 0x0000000082f00000| Complete 
|  48|0x0000000083000000, 0x0000000083100000, 0x0000000083100000|100%|HC|  |TAMS 0x0000000083100000, 0x0000000083000000| Complete 
|  49|0x0000000083100000, 0x0000000083200000, 0x0000000083200000|100%| O|  |TAMS 0x0000000083200000, 0x0000000083100000| Untracked 
|  50|0x0000000083200000, 0x0000000083300000, 0x0000000083300000|100%| O|  |TAMS 0x0000000083300000, 0x0000000083200000| Untracked 
|  51|0x0000000083300000, 0x0000000083400000, 0x0000000083400000|100%| O|  |TAMS 0x0000000083400000, 0x0000000083300000| Untracked 
|  52|0x0000000083400000, 0x0000000083500000, 0x0000000083500000|100%| O|  |TAMS 0x0000000083500000, 0x0000000083400000| Untracked 
|  53|0x0000000083500000, 0x0000000083600000, 0x0000000083600000|100%| O|  |TAMS 0x0000000083600000, 0x0000000083500000| Untracked 
|  54|0x0000000083600000, 0x0000000083700000, 0x0000000083700000|100%| O|  |TAMS 0x0000000083700000, 0x0000000083600000| Untracked 
|  55|0x0000000083700000, 0x0000000083800000, 0x0000000083800000|100%| O|  |TAMS 0x0000000083800000, 0x0000000083700000| Untracked 
|  56|0x0000000083800000, 0x0000000083900000, 0x0000000083900000|100%| O|  |TAMS 0x0000000083900000, 0x0000000083800000| Untracked 
|  57|0x0000000083900000, 0x0000000083a00000, 0x0000000083a00000|100%| O|  |TAMS 0x0000000083a00000, 0x0000000083900000| Untracked 
|  58|0x0000000083a00000, 0x0000000083b00000, 0x0000000083b00000|100%| O|  |TAMS 0x0000000083b00000, 0x0000000083a00000| Untracked 
|  59|0x0000000083b00000, 0x0000000083c00000, 0x0000000083c00000|100%| O|  |TAMS 0x0000000083c00000, 0x0000000083b00000| Untracked 
|  60|0x0000000083c00000, 0x0000000083d00000, 0x0000000083d00000|100%| O|  |TAMS 0x0000000083d00000, 0x0000000083c00000| Untracked 
|  61|0x0000000083d00000, 0x0000000083e00000, 0x0000000083e00000|100%| O|  |TAMS 0x0000000083e00000, 0x0000000083d00000| Untracked 
|  62|0x0000000083e00000, 0x0000000083f00000, 0x0000000083f00000|100%| O|  |TAMS 0x0000000083f00000, 0x0000000083e00000| Untracked 
|  63|0x0000000083f00000, 0x0000000084000000, 0x0000000084000000|100%| O|  |TAMS 0x0000000084000000, 0x0000000083f00000| Untracked 
|  64|0x0000000084000000, 0x0000000084100000, 0x0000000084100000|100%| O|  |TAMS 0x0000000084100000, 0x0000000084000000| Untracked 
|  65|0x0000000084100000, 0x0000000084200000, 0x0000000084200000|100%| O|  |TAMS 0x0000000084200000, 0x0000000084100000| Untracked 
|  66|0x0000000084200000, 0x0000000084300000, 0x0000000084300000|100%| O|  |TAMS 0x0000000084300000, 0x0000000084200000| Untracked 
|  67|0x0000000084300000, 0x0000000084400000, 0x0000000084400000|100%| O|  |TAMS 0x0000000084400000, 0x0000000084300000| Untracked 
|  68|0x0000000084400000, 0x0000000084500000, 0x0000000084500000|100%| O|  |TAMS 0x0000000084500000, 0x0000000084400000| Untracked 
|  69|0x0000000084500000, 0x0000000084600000, 0x0000000084600000|100%| O|  |TAMS 0x0000000084600000, 0x0000000084500000| Untracked 
|  70|0x0000000084600000, 0x0000000084700000, 0x0000000084700000|100%| O|  |TAMS 0x0000000084700000, 0x0000000084600000| Untracked 
|  71|0x0000000084700000, 0x0000000084800000, 0x0000000084800000|100%| O|  |TAMS 0x0000000084800000, 0x0000000084700000| Untracked 
|  72|0x0000000084800000, 0x0000000084900000, 0x0000000084900000|100%| O|  |TAMS 0x0000000084900000, 0x0000000084800000| Untracked 
|  73|0x0000000084900000, 0x0000000084a00000, 0x0000000084a00000|100%| O|  |TAMS 0x0000000084a00000, 0x0000000084900000| Untracked 
|  74|0x0000000084a00000, 0x0000000084a00000, 0x0000000084b00000|  0%| F|  |TAMS 0x0000000084a00000, 0x0000000084a00000| Untracked 
|  75|0x0000000084b00000, 0x0000000084c00000, 0x0000000084c00000|100%| O|  |TAMS 0x0000000084c00000, 0x0000000084b00000| Untracked 
|  76|0x0000000084c00000, 0x0000000084d00000, 0x0000000084d00000|100%| O|  |TAMS 0x0000000084d00000, 0x0000000084c00000| Untracked 
|  77|0x0000000084d00000, 0x0000000084e00000, 0x0000000084e00000|100%| O|  |TAMS 0x0000000084e00000, 0x0000000084d00000| Untracked 
|  78|0x0000000084e00000, 0x0000000084f00000, 0x0000000084f00000|100%| O|  |TAMS 0x0000000084f00000, 0x0000000084e00000| Untracked 
|  79|0x0000000084f00000, 0x0000000085000000, 0x0000000085000000|100%| O|  |TAMS 0x0000000085000000, 0x0000000084f00000| Untracked 
|  80|0x0000000085000000, 0x0000000085100000, 0x0000000085100000|100%| O|  |TAMS 0x0000000085100000, 0x0000000085000000| Untracked 
|  81|0x0000000085100000, 0x0000000085200000, 0x0000000085200000|100%| O|  |TAMS 0x0000000085200000, 0x0000000085100000| Untracked 
|  82|0x0000000085200000, 0x0000000085300000, 0x0000000085300000|100%| O|  |TAMS 0x0000000085300000, 0x0000000085200000| Untracked 
|  83|0x0000000085300000, 0x0000000085400000, 0x0000000085400000|100%| O|  |TAMS 0x0000000085400000, 0x0000000085300000| Untracked 
|  84|0x0000000085400000, 0x0000000085500000, 0x0000000085500000|100%| O|  |TAMS 0x0000000085500000, 0x0000000085400000| Untracked 
|  85|0x0000000085500000, 0x0000000085600000, 0x0000000085600000|100%| O|  |TAMS 0x0000000085510600, 0x0000000085500000| Untracked 
|  86|0x0000000085600000, 0x0000000085700000, 0x0000000085700000|100%| O|  |TAMS 0x0000000085600000, 0x0000000085600000| Untracked 
|  87|0x0000000085700000, 0x0000000085800000, 0x0000000085800000|100%| O|  |TAMS 0x0000000085700000, 0x0000000085700000| Untracked 
|  88|0x0000000085800000, 0x0000000085900000, 0x0000000085900000|100%| O|  |TAMS 0x0000000085800000, 0x0000000085800000| Untracked 
|  89|0x0000000085900000, 0x0000000085a00000, 0x0000000085a00000|100%| O|  |TAMS 0x0000000085900000, 0x0000000085900000| Untracked 
|  90|0x0000000085a00000, 0x0000000085b00000, 0x0000000085b00000|100%| O|  |TAMS 0x0000000085a00000, 0x0000000085a00000| Untracked 
|  91|0x0000000085b00000, 0x0000000085b28c00, 0x0000000085c00000| 15%| O|  |TAMS 0x0000000085b00000, 0x0000000085b00000| Untracked 
|  92|0x0000000085c00000, 0x0000000085c00000, 0x0000000085d00000|  0%| F|  |TAMS 0x0000000085c00000, 0x0000000085c00000| Untracked 
|  93|0x0000000085d00000, 0x0000000085d00000, 0x0000000085e00000|  0%| F|  |TAMS 0x0000000085d00000, 0x0000000085d00000| Untracked 
|  94|0x0000000085e00000, 0x0000000085e00000, 0x0000000085f00000|  0%| F|  |TAMS 0x0000000085e00000, 0x0000000085e00000| Untracked 
|  95|0x0000000085f00000, 0x0000000085f00000, 0x0000000086000000|  0%| F|  |TAMS 0x0000000085f00000, 0x0000000085f00000| Untracked 
|  96|0x0000000086000000, 0x0000000086000000, 0x0000000086100000|  0%| F|  |TAMS 0x0000000086000000, 0x0000000086000000| Untracked 
|  97|0x0000000086100000, 0x0000000086100000, 0x0000000086200000|  0%| F|  |TAMS 0x0000000086100000, 0x0000000086100000| Untracked 
|  98|0x0000000086200000, 0x0000000086200000, 0x0000000086300000|  0%| F|  |TAMS 0x0000000086200000, 0x0000000086200000| Untracked 
|  99|0x0000000086300000, 0x0000000086300000, 0x0000000086400000|  0%| F|  |TAMS 0x0000000086300000, 0x0000000086300000| Untracked 
| 100|0x0000000086400000, 0x0000000086400000, 0x0000000086500000|  0%| F|  |TAMS 0x0000000086400000, 0x0000000086400000| Untracked 
| 101|0x0000000086500000, 0x0000000086500000, 0x0000000086600000|  0%| F|  |TAMS 0x0000000086500000, 0x0000000086500000| Untracked 
| 102|0x0000000086600000, 0x0000000086600000, 0x0000000086700000|  0%| F|  |TAMS 0x0000000086600000, 0x0000000086600000| Untracked 
| 103|0x0000000086700000, 0x0000000086700000, 0x0000000086800000|  0%| F|  |TAMS 0x0000000086700000, 0x0000000086700000| Untracked 
| 104|0x0000000086800000, 0x0000000086800000, 0x0000000086900000|  0%| F|  |TAMS 0x0000000086800000, 0x0000000086800000| Untracked 
| 105|0x0000000086900000, 0x0000000086900000, 0x0000000086a00000|  0%| F|  |TAMS 0x0000000086900000, 0x0000000086900000| Untracked 
| 106|0x0000000086a00000, 0x0000000086a00000, 0x0000000086b00000|  0%| F|  |TAMS 0x0000000086a00000, 0x0000000086a00000| Untracked 
| 107|0x0000000086b00000, 0x0000000086b00000, 0x0000000086c00000|  0%| F|  |TAMS 0x0000000086b00000, 0x0000000086b00000| Untracked 
| 108|0x0000000086c00000, 0x0000000086c00000, 0x0000000086d00000|  0%| F|  |TAMS 0x0000000086c00000, 0x0000000086c00000| Untracked 
| 109|0x0000000086d00000, 0x0000000086d00000, 0x0000000086e00000|  0%| F|  |TAMS 0x0000000086d00000, 0x0000000086d00000| Untracked 
| 110|0x0000000086e00000, 0x0000000086e00000, 0x0000000086f00000|  0%| F|  |TAMS 0x0000000086e00000, 0x0000000086e00000| Untracked 
| 111|0x0000000086f00000, 0x0000000086f00000, 0x0000000087000000|  0%| F|  |TAMS 0x0000000086f00000, 0x0000000086f00000| Untracked 
| 112|0x0000000087000000, 0x0000000087000000, 0x0000000087100000|  0%| F|  |TAMS 0x0000000087000000, 0x0000000087000000| Untracked 
| 113|0x0000000087100000, 0x0000000087100000, 0x0000000087200000|  0%| F|  |TAMS 0x0000000087100000, 0x0000000087100000| Untracked 
| 114|0x0000000087200000, 0x0000000087200000, 0x0000000087300000|  0%| F|  |TAMS 0x0000000087200000, 0x0000000087200000| Untracked 
| 115|0x0000000087300000, 0x0000000087300000, 0x0000000087400000|  0%| F|  |TAMS 0x0000000087300000, 0x0000000087300000| Untracked 
| 116|0x0000000087400000, 0x0000000087400000, 0x0000000087500000|  0%| F|  |TAMS 0x0000000087400000, 0x0000000087400000| Untracked 
| 117|0x0000000087500000, 0x0000000087500000, 0x0000000087600000|  0%| F|  |TAMS 0x0000000087500000, 0x0000000087500000| Untracked 
| 118|0x0000000087600000, 0x000000008765d180, 0x0000000087700000| 36%| S|CS|TAMS 0x0000000087600000, 0x0000000087600000| Complete 
| 119|0x0000000087700000, 0x0000000087800000, 0x0000000087800000|100%| S|CS|TAMS 0x0000000087700000, 0x0000000087700000| Complete 
| 120|0x0000000087800000, 0x0000000087900000, 0x0000000087900000|100%| S|CS|TAMS 0x0000000087800000, 0x0000000087800000| Complete 
| 121|0x0000000087900000, 0x0000000087900000, 0x0000000087a00000|  0%| F|  |TAMS 0x0000000087900000, 0x0000000087900000| Untracked 
| 122|0x0000000087a00000, 0x0000000087a00000, 0x0000000087b00000|  0%| F|  |TAMS 0x0000000087a00000, 0x0000000087a00000| Untracked 
| 123|0x0000000087b00000, 0x0000000087b00000, 0x0000000087c00000|  0%| F|  |TAMS 0x0000000087b00000, 0x0000000087b00000| Untracked 
| 124|0x0000000087c00000, 0x0000000087c00000, 0x0000000087d00000|  0%| F|  |TAMS 0x0000000087c00000, 0x0000000087c00000| Untracked 
| 125|0x0000000087d00000, 0x0000000087d00000, 0x0000000087e00000|  0%| F|  |TAMS 0x0000000087d00000, 0x0000000087d00000| Untracked 
| 126|0x0000000087e00000, 0x0000000087e00000, 0x0000000087f00000|  0%| F|  |TAMS 0x0000000087e00000, 0x0000000087e00000| Untracked 
| 127|0x0000000087f00000, 0x0000000087f00000, 0x0000000088000000|  0%| F|  |TAMS 0x0000000087f00000, 0x0000000087f00000| Untracked 
| 128|0x0000000088000000, 0x0000000088000000, 0x0000000088100000|  0%| F|  |TAMS 0x0000000088000000, 0x0000000088000000| Untracked 
| 129|0x0000000088100000, 0x0000000088100000, 0x0000000088200000|  0%| F|  |TAMS 0x0000000088100000, 0x0000000088100000| Untracked 
| 130|0x0000000088200000, 0x0000000088200000, 0x0000000088300000|  0%| F|  |TAMS 0x0000000088200000, 0x0000000088200000| Untracked 
| 131|0x0000000088300000, 0x0000000088300000, 0x0000000088400000|  0%| F|  |TAMS 0x0000000088300000, 0x0000000088300000| Untracked 
| 132|0x0000000088400000, 0x0000000088400000, 0x0000000088500000|  0%| F|  |TAMS 0x0000000088400000, 0x0000000088400000| Untracked 
| 133|0x0000000088500000, 0x0000000088500000, 0x0000000088600000|  0%| F|  |TAMS 0x0000000088500000, 0x0000000088500000| Untracked 
| 134|0x0000000088600000, 0x0000000088600000, 0x0000000088700000|  0%| F|  |TAMS 0x0000000088600000, 0x0000000088600000| Untracked 
| 135|0x0000000088700000, 0x0000000088700000, 0x0000000088800000|  0%| F|  |TAMS 0x0000000088700000, 0x0000000088700000| Untracked 
| 136|0x0000000088800000, 0x0000000088800000, 0x0000000088900000|  0%| F|  |TAMS 0x0000000088800000, 0x0000000088800000| Untracked 
| 137|0x0000000088900000, 0x0000000088900000, 0x0000000088a00000|  0%| F|  |TAMS 0x0000000088900000, 0x0000000088900000| Untracked 
| 138|0x0000000088a00000, 0x0000000088a00000, 0x0000000088b00000|  0%| F|  |TAMS 0x0000000088a00000, 0x0000000088a00000| Untracked 
| 139|0x0000000088b00000, 0x0000000088b00000, 0x0000000088c00000|  0%| F|  |TAMS 0x0000000088b00000, 0x0000000088b00000| Untracked 
| 140|0x0000000088c00000, 0x0000000088c00000, 0x0000000088d00000|  0%| F|  |TAMS 0x0000000088c00000, 0x0000000088c00000| Untracked 
| 141|0x0000000088d00000, 0x0000000088d00000, 0x0000000088e00000|  0%| F|  |TAMS 0x0000000088d00000, 0x0000000088d00000| Untracked 
| 142|0x0000000088e00000, 0x0000000088e00000, 0x0000000088f00000|  0%| F|  |TAMS 0x0000000088e00000, 0x0000000088e00000| Untracked 
| 143|0x0000000088f00000, 0x0000000088f00000, 0x0000000089000000|  0%| F|  |TAMS 0x0000000088f00000, 0x0000000088f00000| Untracked 
| 144|0x0000000089000000, 0x0000000089000000, 0x0000000089100000|  0%| F|  |TAMS 0x0000000089000000, 0x0000000089000000| Untracked 
| 145|0x0000000089100000, 0x0000000089100000, 0x0000000089200000|  0%| F|  |TAMS 0x0000000089100000, 0x0000000089100000| Untracked 
| 146|0x0000000089200000, 0x0000000089200000, 0x0000000089300000|  0%| F|  |TAMS 0x0000000089200000, 0x0000000089200000| Untracked 
| 147|0x0000000089300000, 0x0000000089300000, 0x0000000089400000|  0%| F|  |TAMS 0x0000000089300000, 0x0000000089300000| Untracked 
| 148|0x0000000089400000, 0x0000000089400000, 0x0000000089500000|  0%| F|  |TAMS 0x0000000089400000, 0x0000000089400000| Untracked 
| 149|0x0000000089500000, 0x0000000089500000, 0x0000000089600000|  0%| F|  |TAMS 0x0000000089500000, 0x0000000089500000| Untracked 
| 150|0x0000000089600000, 0x0000000089600000, 0x0000000089700000|  0%| F|  |TAMS 0x0000000089600000, 0x0000000089600000| Untracked 
| 151|0x0000000089700000, 0x0000000089700000, 0x0000000089800000|  0%| F|  |TAMS 0x0000000089700000, 0x0000000089700000| Untracked 
| 152|0x0000000089800000, 0x0000000089800000, 0x0000000089900000|  0%| F|  |TAMS 0x0000000089800000, 0x0000000089800000| Untracked 
| 153|0x0000000089900000, 0x0000000089900000, 0x0000000089a00000|  0%| F|  |TAMS 0x0000000089900000, 0x0000000089900000| Untracked 
| 154|0x0000000089a00000, 0x0000000089a00000, 0x0000000089b00000|  0%| F|  |TAMS 0x0000000089a00000, 0x0000000089a00000| Untracked 
| 155|0x0000000089b00000, 0x0000000089b00000, 0x0000000089c00000|  0%| F|  |TAMS 0x0000000089b00000, 0x0000000089b00000| Untracked 
| 156|0x0000000089c00000, 0x0000000089c00000, 0x0000000089d00000|  0%| F|  |TAMS 0x0000000089c00000, 0x0000000089c00000| Untracked 
| 157|0x0000000089d00000, 0x0000000089d00000, 0x0000000089e00000|  0%| F|  |TAMS 0x0000000089d00000, 0x0000000089d00000| Untracked 
| 158|0x0000000089e00000, 0x0000000089e00000, 0x0000000089f00000|  0%| F|  |TAMS 0x0000000089e00000, 0x0000000089e00000| Untracked 
| 159|0x0000000089f00000, 0x0000000089f00000, 0x000000008a000000|  0%| F|  |TAMS 0x0000000089f00000, 0x0000000089f00000| Untracked 
| 160|0x000000008a000000, 0x000000008a000000, 0x000000008a100000|  0%| F|  |TAMS 0x000000008a000000, 0x000000008a000000| Untracked 
| 161|0x000000008a100000, 0x000000008a100000, 0x000000008a200000|  0%| F|  |TAMS 0x000000008a100000, 0x000000008a100000| Untracked 
| 162|0x000000008a200000, 0x000000008a200000, 0x000000008a300000|  0%| F|  |TAMS 0x000000008a200000, 0x000000008a200000| Untracked 
| 163|0x000000008a300000, 0x000000008a300000, 0x000000008a400000|  0%| F|  |TAMS 0x000000008a300000, 0x000000008a300000| Untracked 
| 164|0x000000008a400000, 0x000000008a400000, 0x000000008a500000|  0%| F|  |TAMS 0x000000008a400000, 0x000000008a400000| Untracked 
| 165|0x000000008a500000, 0x000000008a500000, 0x000000008a600000|  0%| F|  |TAMS 0x000000008a500000, 0x000000008a500000| Untracked 
| 166|0x000000008a600000, 0x000000008a600000, 0x000000008a700000|  0%| F|  |TAMS 0x000000008a600000, 0x000000008a600000| Untracked 
| 167|0x000000008a700000, 0x000000008a700000, 0x000000008a800000|  0%| F|  |TAMS 0x000000008a700000, 0x000000008a700000| Untracked 
| 168|0x000000008a800000, 0x000000008a800000, 0x000000008a900000|  0%| F|  |TAMS 0x000000008a800000, 0x000000008a800000| Untracked 

Card table byte_map: [0x0000021978b20000,0x0000021978f20000] _byte_map_base: 0x0000021978720000

Marking Bits (Prev, Next): (CMBitMap*) 0x0000021965f87e30, (CMBitMap*) 0x0000021965f87df0
 Prev Bits: [0x000002197b320000, 0x000002197d320000)
 Next Bits: [0x0000021979320000, 0x000002197b320000)

Polling page: 0x00000219656f0000

Metaspace:

Usage:
  Non-class:     87.58 MB used.
      Class:     13.75 MB used.
       Both:    101.33 MB used.

Virtual space:
  Non-class space:       96.00 MB reserved,      88.00 MB ( 92%) committed,  12 nodes.
      Class space:        1.00 GB reserved,      14.12 MB (  1%) committed,  1 nodes.
             Both:        1.09 GB reserved,     102.12 MB (  9%) committed. 

Chunk freelists:
   Non-Class:  3.73 MB
       Class:  1.92 MB
        Both:  5.66 MB

MaxMetaspaceSize: unlimited
CompressedClassSpaceSize: 1.00 GB
Initial GC threshold: 21.00 MB
Current GC threshold: 168.12 MB
CDS: off
MetaspaceReclaimPolicy: balanced
 - commit_granule_bytes: 65536.
 - commit_granule_words: 8192.
 - virtual_space_node_default_size: 1048576.
 - enlarge_chunks_in_place: 1.
 - new_chunks_are_fully_committed: 0.
 - uncommit_free_chunks: 1.
 - use_allocation_guard: 0.
 - handle_deallocations: 1.


Internal statistics:

num_allocs_failed_limit: 9.
num_arena_births: 1134.
num_arena_deaths: 0.
num_vsnodes_births: 13.
num_vsnodes_deaths: 0.
num_space_committed: 1633.
num_space_uncommitted: 0.
num_chunks_returned_to_freelist: 9.
num_chunks_taken_from_freelist: 4866.
num_chunk_merges: 6.
num_chunk_splits: 3223.
num_chunks_enlarged: 2161.
num_purges: 0.
num_inconsistent_stats: 0.

CodeHeap 'non-profiled nmethods': size=120000Kb used=5232Kb max_used=5232Kb free=114767Kb
 bounds [0x0000021970ec0000, 0x00000219713e0000, 0x00000219783f0000]
CodeHeap 'profiled nmethods': size=120000Kb used=20635Kb max_used=20635Kb free=99364Kb
 bounds [0x00000219693f0000, 0x000002196a820000, 0x0000021970920000]
CodeHeap 'non-nmethods': size=5760Kb used=2436Kb max_used=2471Kb free=3323Kb
 bounds [0x0000021970920000, 0x0000021970b90000, 0x0000021970ec0000]
 total_blobs=11686 nmethods=10707 adapters=890
 compilation: enabled
              stopped_count=0, restarted_count=0
 full_count=0

Compilation events (20 events):
Event: 22.060 Thread 0x0000021900827a10 11656       2       org.gradle.internal.fingerprint.DirectorySensitivity$$Lambda$322/0x0000000100493418::test (8 bytes)
Event: 22.061 Thread 0x0000021900827a10 nmethod 11656 0x000002196a804d10 code [0x000002196a804ea0, 0x000002196a804ff8]
Event: 22.061 Thread 0x0000021900827a10 11657       2       org.gradle.internal.fingerprint.impl.RelativePathFingerprintingStrategy::fingerprint (32 bytes)
Event: 22.061 Thread 0x0000021900827a10 nmethod 11657 0x000002196a805090 code [0x000002196a805240, 0x000002196a8054d8]
Event: 22.061 Thread 0x0000021900827a10 11658       2       org.gradle.internal.fingerprint.impl.RelativePathFingerprintingStrategy::lambda$collectFingerprints$0 (126 bytes)
Event: 22.062 Thread 0x0000021900827a10 nmethod 11658 0x000002196a805610 code [0x000002196a805860, 0x000002196a805d28]
Event: 22.062 Thread 0x0000021900827a10 11659       2       org.gradle.internal.snapshot.DirectorySnapshot::getType (4 bytes)
Event: 22.062 Thread 0x0000021900827a10 nmethod 11659 0x000002196a806110 code [0x000002196a8062a0, 0x000002196a8063b8]
Event: 22.101 Thread 0x0000021900827a10 11663       1       org.gradle.api.internal.file.collections.ListBackedFileSet::getFiles (5 bytes)
Event: 22.101 Thread 0x0000021900827a10 nmethod 11663 0x00000219713dae10 code [0x00000219713dafa0, 0x00000219713db078]
Event: 22.101 Thread 0x0000021900827a10 11664       2       org.gradle.execution.plan.ValuedVfsHierarchy::<init> (20 bytes)
Event: 22.101 Thread 0x0000021900827a10 nmethod 11664 0x000002196a806490 code [0x000002196a806620, 0x000002196a806838]
Event: 22.101 Thread 0x0000021900827a10 11665       1       org.gradle.execution.plan.ValuedVfsHierarchy::access$500 (5 bytes)
Event: 22.101 Thread 0x0000021900827a10 nmethod 11665 0x00000219713db110 code [0x00000219713db2a0, 0x00000219713db358]
Event: 22.108 Thread 0x0000021900827a10 11666       2       kotlin.sequences.FlatteningSequence$iterator$1::ensureItemIterator (112 bytes)
Event: 22.109 Thread 0x0000021900827a10 nmethod 11666 0x000002196a806910 code [0x000002196a806b20, 0x000002196a806f58]
Event: 22.109 Thread 0x0000021900827a10 11667       2       kotlin.sequences.FlatteningSequence$iterator$1::hasNext (5 bytes)
Event: 22.109 Thread 0x0000021900827a10 nmethod 11667 0x000002196a807110 code [0x000002196a8072a0, 0x000002196a8073c8]
Event: 22.109 Thread 0x0000021900827a10 11668       2       kotlin.sequences.FlatteningSequence$iterator$1::next (29 bytes)
Event: 22.110 Thread 0x0000021900827a10 nmethod 11668 0x000002196a807490 code [0x000002196a807680, 0x000002196a8079f8]

GC Heap History (20 events):
Event: 17.435 GC heap before
{Heap before GC invocations=42 (full 0):
 garbage-first heap   total 126976K, used 102949K [0x0000000080000000, 0x0000000100000000)
  region size 1024K, 34 young (34816K), 3 survivors (3072K)
 Metaspace       used 87054K, committed 87744K, reserved 1130496K
  class space    used 11766K, committed 12096K, reserved 1048576K
}
Event: 17.440 GC heap after
{Heap after GC invocations=43 (full 0):
 garbage-first heap   total 126976K, used 71383K [0x0000000080000000, 0x0000000100000000)
  region size 1024K, 4 young (4096K), 4 survivors (4096K)
 Metaspace       used 87054K, committed 87744K, reserved 1130496K
  class space    used 11766K, committed 12096K, reserved 1048576K
}
Event: 18.131 GC heap before
{Heap before GC invocations=43 (full 0):
 garbage-first heap   total 126976K, used 103127K [0x0000000080000000, 0x0000000100000000)
  region size 1024K, 35 young (35840K), 4 survivors (4096K)
 Metaspace       used 90278K, committed 90944K, reserved 1130496K
  class space    used 12227K, committed 12544K, reserved 1048576K
}
Event: 18.137 GC heap after
{Heap after GC invocations=44 (full 0):
 garbage-first heap   total 126976K, used 74222K [0x0000000080000000, 0x0000000100000000)
  region size 1024K, 5 young (5120K), 5 survivors (5120K)
 Metaspace       used 90278K, committed 90944K, reserved 1130496K
  class space    used 12227K, committed 12544K, reserved 1048576K
}
Event: 18.667 GC heap before
{Heap before GC invocations=45 (full 0):
 garbage-first heap   total 130048K, used 103918K [0x0000000080000000, 0x0000000100000000)
  region size 1024K, 34 young (34816K), 5 survivors (5120K)
 Metaspace       used 93323K, committed 94016K, reserved 1130496K
  class space    used 12675K, committed 12992K, reserved 1048576K
}
Event: 18.675 GC heap after
{Heap after GC invocations=46 (full 0):
 garbage-first heap   total 130048K, used 76140K [0x0000000080000000, 0x0000000100000000)
  region size 1024K, 2 young (2048K), 2 survivors (2048K)
 Metaspace       used 93323K, committed 94016K, reserved 1130496K
  class space    used 12675K, committed 12992K, reserved 1048576K
}
Event: 18.764 GC heap before
{Heap before GC invocations=46 (full 0):
 garbage-first heap   total 130048K, used 80236K [0x0000000080000000, 0x0000000100000000)
  region size 1024K, 6 young (6144K), 2 survivors (2048K)
 Metaspace       used 93816K, committed 94400K, reserved 1130496K
  class space    used 12785K, committed 13056K, reserved 1048576K
}
Event: 18.769 GC heap after
{Heap after GC invocations=47 (full 0):
 garbage-first heap   total 130048K, used 76263K [0x0000000080000000, 0x0000000100000000)
  region size 1024K, 1 young (1024K), 1 survivors (1024K)
 Metaspace       used 93816K, committed 94400K, reserved 1130496K
  class space    used 12785K, committed 13056K, reserved 1048576K
}
Event: 19.410 GC heap before
{Heap before GC invocations=47 (full 0):
 garbage-first heap   total 130048K, used 108007K [0x0000000080000000, 0x0000000100000000)
  region size 1024K, 32 young (32768K), 1 survivors (1024K)
 Metaspace       used 97348K, committed 98048K, reserved 1138688K
  class space    used 13235K, committed 13568K, reserved 1048576K
}
Event: 19.415 GC heap after
{Heap after GC invocations=48 (full 0):
 garbage-first heap   total 161792K, used 79153K [0x0000000080000000, 0x0000000100000000)
  region size 1024K, 4 young (4096K), 4 survivors (4096K)
 Metaspace       used 97348K, committed 98048K, reserved 1138688K
  class space    used 13235K, committed 13568K, reserved 1048576K
}
Event: 19.980 GC heap before
{Heap before GC invocations=49 (full 0):
 garbage-first heap   total 161792K, used 130353K [0x0000000080000000, 0x0000000100000000)
  region size 1024K, 54 young (55296K), 4 survivors (4096K)
 Metaspace       used 98529K, committed 99200K, reserved 1138688K
  class space    used 13389K, committed 13696K, reserved 1048576K
}
Event: 19.989 GC heap after
{Heap after GC invocations=50 (full 0):
 garbage-first heap   total 161792K, used 86246K [0x0000000080000000, 0x0000000100000000)
  region size 1024K, 7 young (7168K), 7 survivors (7168K)
 Metaspace       used 98529K, committed 99200K, reserved 1138688K
  class space    used 13389K, committed 13696K, reserved 1048576K
}
Event: 19.996 GC heap before
{Heap before GC invocations=50 (full 0):
 garbage-first heap   total 161792K, used 87270K [0x0000000080000000, 0x0000000100000000)
  region size 1024K, 8 young (8192K), 7 survivors (7168K)
 Metaspace       used 98529K, committed 99200K, reserved 1138688K
  class space    used 13389K, committed 13696K, reserved 1048576K
}
Event: 20.003 GC heap after
{Heap after GC invocations=51 (full 0):
 garbage-first heap   total 161792K, used 87105K [0x0000000080000000, 0x0000000100000000)
  region size 1024K, 1 young (1024K), 1 survivors (1024K)
 Metaspace       used 98529K, committed 99200K, reserved 1138688K
  class space    used 13389K, committed 13696K, reserved 1048576K
}
Event: 20.809 GC heap before
{Heap before GC invocations=51 (full 0):
 garbage-first heap   total 161792K, used 130113K [0x0000000080000000, 0x0000000100000000)
  region size 1024K, 43 young (44032K), 1 survivors (1024K)
 Metaspace       used 102288K, committed 102976K, reserved 1138688K
  class space    used 13905K, committed 14208K, reserved 1048576K
}
Event: 20.815 GC heap after
{Heap after GC invocations=52 (full 0):
 garbage-first heap   total 161792K, used 90295K [0x0000000080000000, 0x0000000100000000)
  region size 1024K, 5 young (5120K), 5 survivors (5120K)
 Metaspace       used 102288K, committed 102976K, reserved 1138688K
  class space    used 13905K, committed 14208K, reserved 1048576K
}
Event: 21.233 GC heap before
{Heap before GC invocations=53 (full 0):
 garbage-first heap   total 173056K, used 129207K [0x0000000080000000, 0x0000000100000000)
  region size 1024K, 44 young (45056K), 5 survivors (5120K)
 Metaspace       used 102759K, committed 103488K, reserved 1138688K
  class space    used 13985K, committed 14336K, reserved 1048576K
}
Event: 21.240 GC heap after
{Heap after GC invocations=54 (full 0):
 garbage-first heap   total 173056K, used 92835K [0x0000000080000000, 0x0000000100000000)
  region size 1024K, 3 young (3072K), 3 survivors (3072K)
 Metaspace       used 102759K, committed 103488K, reserved 1138688K
  class space    used 13985K, committed 14336K, reserved 1048576K
}
Event: 21.328 GC heap before
{Heap before GC invocations=54 (full 0):
 garbage-first heap   total 173056K, used 96931K [0x0000000080000000, 0x0000000100000000)
  region size 1024K, 8 young (8192K), 3 survivors (3072K)
 Metaspace       used 102803K, committed 103488K, reserved 1138688K
  class space    used 13985K, committed 14336K, reserved 1048576K
}
Event: 21.332 GC heap after
{Heap after GC invocations=55 (full 0):
 garbage-first heap   total 173056K, used 92785K [0x0000000080000000, 0x0000000100000000)
  region size 1024K, 1 young (1024K), 1 survivors (1024K)
 Metaspace       used 102803K, committed 103488K, reserved 1138688K
  class space    used 13985K, committed 14336K, reserved 1048576K
}

Dll operation events (2 events):
Event: 0.012 Loaded shared library C:\Program Files\Android\Android Studio\jbr\bin\java.dll
Event: 0.517 Loaded shared library C:\Program Files\Android\Android Studio\jbr\bin\verify.dll

Deoptimization events (20 events):
Event: 21.633 Thread 0x000002190370fb40 DEOPT PACKING pc=0x00000219711b7410 sp=0x000000c121efc8f0
Event: 21.633 Thread 0x000002190370fb40 DEOPT UNPACKING pc=0x00000219709769a3 sp=0x000000c121efc8b0 mode 2
Event: 21.633 Thread 0x000002190370fb40 Uncommon trap: trap_request=0xffffffc6 fr.pc=0x00000219711b7410 relative=0x00000000000008b0
Event: 21.633 Thread 0x000002190370fb40 Uncommon trap: reason=bimorphic_or_optimized_type_check action=maybe_recompile pc=0x00000219711b7410 method=java.io.DataInputStream.readChar()C @ 4 c2
Event: 21.633 Thread 0x000002190370fb40 DEOPT PACKING pc=0x00000219711b7410 sp=0x000000c121efc8f0
Event: 21.633 Thread 0x000002190370fb40 DEOPT UNPACKING pc=0x00000219709769a3 sp=0x000000c121efc8b0 mode 2
Event: 21.633 Thread 0x000002190370fb40 Uncommon trap: trap_request=0xffffffc6 fr.pc=0x00000219711b7410 relative=0x00000000000008b0
Event: 21.633 Thread 0x000002190370fb40 Uncommon trap: reason=bimorphic_or_optimized_type_check action=maybe_recompile pc=0x00000219711b7410 method=java.io.DataInputStream.readChar()C @ 4 c2
Event: 21.633 Thread 0x000002190370fb40 DEOPT PACKING pc=0x00000219711b7410 sp=0x000000c121efc8f0
Event: 21.633 Thread 0x000002190370fb40 DEOPT UNPACKING pc=0x00000219709769a3 sp=0x000000c121efc8b0 mode 2
Event: 21.764 Thread 0x000002190370fb40 DEOPT PACKING pc=0x000002196a4289d9 sp=0x000000c121efd910
Event: 21.764 Thread 0x000002190370fb40 DEOPT UNPACKING pc=0x0000021970977143 sp=0x000000c121efce00 mode 0
Event: 21.877 Thread 0x000002190370fb40 Uncommon trap: trap_request=0xffffffde fr.pc=0x00000219713cf468 relative=0x00000000000006c8
Event: 21.877 Thread 0x000002190370fb40 Uncommon trap: reason=class_check action=maybe_recompile pc=0x00000219713cf468 method=org.gradle.tooling.internal.provider.runner.ClientBuildEventGenerator.finished(Lorg/gradle/internal/operations/BuildOperationDescriptor;Lorg/gradle/internal/operations/O
Event: 21.877 Thread 0x000002190370fb40 DEOPT PACKING pc=0x00000219713cf468 sp=0x000000c121efdf00
Event: 21.877 Thread 0x000002190370fb40 DEOPT UNPACKING pc=0x00000219709769a3 sp=0x000000c121efdec0 mode 2
Event: 21.877 Thread 0x000002190370fb40 Uncommon trap: trap_request=0xffffffde fr.pc=0x00000219713cf468 relative=0x00000000000006c8
Event: 21.877 Thread 0x000002190370fb40 Uncommon trap: reason=class_check action=maybe_recompile pc=0x00000219713cf468 method=org.gradle.tooling.internal.provider.runner.ClientBuildEventGenerator.finished(Lorg/gradle/internal/operations/BuildOperationDescriptor;Lorg/gradle/internal/operations/O
Event: 21.877 Thread 0x000002190370fb40 DEOPT PACKING pc=0x00000219713cf468 sp=0x000000c121efdf00
Event: 21.877 Thread 0x000002190370fb40 DEOPT UNPACKING pc=0x00000219709769a3 sp=0x000000c121efdec0 mode 2

Classes unloaded (0 events):
No events

Classes redefined (0 events):
No events

Internal exceptions (20 events):
Event: 20.790 Thread 0x00000219054dd130 Exception <a 'java/lang/NoSuchMethodError'{0x00000000874a7b70}: 'java.lang.Object java.lang.invoke.DirectMethodHandle$Holder.invokeSpecialIFC(java.lang.Object, java.lang.Object, java.lang.Object)'> (0x00000000874a7b70) 
thrown [s\src\hotspot\share\interpreter\linkResolver.cpp, line 771]
Event: 20.790 Thread 0x0000021903348990 Exception <a 'java/lang/NoSuchMethodError'{0x0000000087442278}: 'java.lang.Object java.lang.invoke.DirectMethodHandle$Holder.invokeSpecialIFC(java.lang.Object, java.lang.Object, java.lang.Object)'> (0x0000000087442278) 
thrown [s\src\hotspot\share\interpreter\linkResolver.cpp, line 771]
Event: 20.790 Thread 0x00000219054e0150 Exception <a 'java/lang/NoSuchMethodError'{0x0000000087496550}: 'java.lang.Object java.lang.invoke.DirectMethodHandle$Holder.invokeSpecialIFC(java.lang.Object, java.lang.Object, java.lang.Object)'> (0x0000000087496550) 
thrown [s\src\hotspot\share\interpreter\linkResolver.cpp, line 771]
Event: 20.790 Thread 0x0000021905992e80 Exception <a 'java/lang/NoSuchMethodError'{0x0000000087477900}: 'java.lang.Object java.lang.invoke.DirectMethodHandle$Holder.invokeSpecialIFC(java.lang.Object, java.lang.Object, java.lang.Object)'> (0x0000000087477900) 
thrown [s\src\hotspot\share\interpreter\linkResolver.cpp, line 771]
Event: 20.790 Thread 0x0000021908f02470 Exception <a 'java/lang/NoSuchMethodError'{0x0000000087a3fab0}: 'java.lang.Object java.lang.invoke.DirectMethodHandle$Holder.invokeSpecialIFC(java.lang.Object, java.lang.Object, java.lang.Object)'> (0x0000000087a3fab0) 
thrown [s\src\hotspot\share\interpreter\linkResolver.cpp, line 771]
Event: 20.790 Thread 0x0000021903347ff0 Exception <a 'java/lang/NoSuchMethodError'{0x0000000087487ad8}: 'java.lang.Object java.lang.invoke.DirectMethodHandle$Holder.invokeSpecialIFC(java.lang.Object, java.lang.Object, java.lang.Object)'> (0x0000000087487ad8) 
thrown [s\src\hotspot\share\interpreter\linkResolver.cpp, line 771]
Event: 20.790 Thread 0x00000219008d7900 Exception <a 'java/lang/NoSuchMethodError'{0x0000000087465b98}: 'java.lang.Object java.lang.invoke.DirectMethodHandle$Holder.invokeSpecialIFC(java.lang.Object, java.lang.Object, java.lang.Object)'> (0x0000000087465b98) 
thrown [s\src\hotspot\share\interpreter\linkResolver.cpp, line 771]
Event: 20.790 Thread 0x00000219054dd600 Exception <a 'java/lang/NoSuchMethodError'{0x0000000087452f00}: 'java.lang.Object java.lang.invoke.DirectMethodHandle$Holder.invokeSpecialIFC(java.lang.Object, java.lang.Object, java.lang.Object)'> (0x0000000087452f00) 
thrown [s\src\hotspot\share\interpreter\linkResolver.cpp, line 771]
Event: 21.617 Thread 0x0000021908f02470 Exception <a 'java/lang/NoSuchMethodError'{0x00000000893c69c0}: static Lcom/android/build/gradle/internal/tasks/AarMetadataArtifact;.<clinit>()V> (0x00000000893c69c0) 
thrown [s\src\hotspot\share\prims\jni.cpp, line 1108]
Event: 21.628 Thread 0x0000021908efd2a0 Exception <a 'sun/nio/fs/WindowsException'{0x000000008a877470}> (0x000000008a877470) 
thrown [s\src\hotspot\share\prims\jni.cpp, line 517]
Event: 21.646 Thread 0x0000021908f01ad0 Exception <a 'sun/nio/fs/WindowsException'{0x000000008a8bca58}> (0x000000008a8bca58) 
thrown [s\src\hotspot\share\prims\jni.cpp, line 517]
Event: 21.699 Thread 0x000002190370fb40 Exception <a 'java/lang/NoSuchMethodError'{0x0000000088daef18}: 'java.lang.Object java.lang.invoke.DirectMethodHandle$Holder.invokeSpecial(java.lang.Object, java.lang.Object, long, java.lang.Object, java.lang.Object, java.lang.Object, java.lang.Object, java.lang.Object, java.lang.Object, java.lang.Object, java.lang.Object, java.lang.Object)'> (0x0000000088daef18) 
thrown [s\src\hotspot\share\interpreter\linkResolver.cpp, line 771]
Event: 21.700 Thread 0x000002190370fb40 Exception <a 'java/lang/NoSuchMethodError'{0x0000000088db3930}: 'java.lang.Object java.lang.invoke.DelegatingMethodHandle$Holder.reinvoke_L(java.lang.Object, long, java.lang.Object, java.lang.Object, java.lang.Object, java.lang.Object, java.lang.Object, java.lang.Object, java.lang.Object, java.lang.Object, java.lang.Object)'> (0x0000000088db3930) 
thrown [s\src\hotspot\share\interpreter\linkResolver.cpp, line 771]
Event: 21.707 Thread 0x000002190370fb40 Exception <a 'java/lang/NoSuchMethodError'{0x0000000088c078a8}: 'java.lang.Object java.lang.invoke.Invokers$Holder.linkToTargetMethod(java.lang.Object, java.lang.Object, java.lang.Object, java.lang.Object, java.lang.Object, java.lang.Object, java.lang.Object, java.lang.Object, java.lang.Object, java.lang.Object)'> (0x0000000088c078a8) 
thrown [s\src\hotspot\share\interpreter\linkResolver.cpp, line 771]
Event: 22.036 Thread 0x000002190162e310 Exception <a 'java/lang/NoSuchMethodError'{0x0000000087e96050}: static Lorg/gradle/internal/build/event/types/DefaultTaskFailureResult;.<clinit>()V> (0x0000000087e96050) 
thrown [s\src\hotspot\share\prims\jni.cpp, line 1108]
Event: 22.039 Thread 0x000002190162e310 Exception <a 'java/lang/NoSuchMethodError'{0x0000000087eda010}: static Lorg/gradle/internal/build/event/types/DefaultFailure;.<clinit>()V> (0x0000000087eda010) 
thrown [s\src\hotspot\share\prims\jni.cpp, line 1108]
Event: 22.106 Thread 0x0000021908f01ad0 Exception <a 'sun/nio/fs/WindowsException'{0x0000000087b1d5b0}> (0x0000000087b1d5b0) 
thrown [s\src\hotspot\share\prims\jni.cpp, line 517]
Event: 22.106 Thread 0x0000021908f01ad0 Exception <a 'sun/nio/fs/WindowsException'{0x0000000087b1e458}> (0x0000000087b1e458) 
thrown [s\src\hotspot\share\prims\jni.cpp, line 517]
Event: 22.106 Thread 0x0000021908f01ad0 Exception <a 'sun/nio/fs/WindowsException'{0x0000000087b1e4c8}> (0x0000000087b1e4c8) 
thrown [s\src\hotspot\share\prims\jni.cpp, line 517]
Event: 22.106 Thread 0x0000021908f01ad0 Exception <a 'sun/nio/fs/WindowsException'{0x0000000087b1e8d0}> (0x0000000087b1e8d0) 
thrown [s\src\hotspot\share\prims\jni.cpp, line 517]

VM Operations (20 events):
Event: 20.861 Executing VM operation: HandshakeAllThreads
Event: 20.861 Executing VM operation: HandshakeAllThreads done
Event: 20.863 Executing VM operation: HandshakeAllThreads
Event: 20.863 Executing VM operation: HandshakeAllThreads done
Event: 20.902 Executing VM operation: HandshakeAllThreads
Event: 20.902 Executing VM operation: HandshakeAllThreads done
Event: 20.925 Executing VM operation: G1Concurrent
Event: 20.930 Executing VM operation: G1Concurrent done
Event: 20.971 Executing VM operation: G1Concurrent
Event: 20.971 Executing VM operation: G1Concurrent done
Event: 21.191 Executing VM operation: ICBufferFull
Event: 21.192 Executing VM operation: ICBufferFull done
Event: 21.233 Executing VM operation: G1CollectForAllocation
Event: 21.242 Executing VM operation: G1CollectForAllocation done
Event: 21.327 Executing VM operation: G1CollectForAllocation
Event: 21.332 Executing VM operation: G1CollectForAllocation done
Event: 21.642 Executing VM operation: ICBufferFull
Event: 21.643 Executing VM operation: ICBufferFull done
Event: 21.931 Executing VM operation: ICBufferFull
Event: 21.934 Executing VM operation: ICBufferFull done

Events (20 events):
Event: 20.420 loading class java/io/ObjectInputStream$ValidationList done
Event: 20.420 loading class java/io/ObjectInputFilter$Config
Event: 20.421 loading class java/io/ObjectInputFilter$Config done
Event: 20.421 loading class java/io/ObjectInputFilter
Event: 20.421 loading class java/io/ObjectInputFilter done
Event: 20.422 loading class java/io/ObjectInputFilter$Config$BuiltinFilterFactory
Event: 20.422 loading class java/io/ObjectInputFilter$Config$BuiltinFilterFactory done
Event: 20.422 loading class jdk/internal/access/JavaObjectInputFilterAccess
Event: 20.422 loading class jdk/internal/access/JavaObjectInputFilterAccess done
Event: 20.423 loading class jdk/internal/event/DeserializationEvent
Event: 20.423 loading class jdk/internal/event/DeserializationEvent done
Event: 20.424 loading class java/io/ObjectInputStream$FieldValues
Event: 20.424 loading class java/io/ObjectInputStream$GetField
Event: 20.424 loading class java/io/ObjectInputStream$GetField done
Event: 20.424 loading class java/io/ObjectInputStream$FieldValues done
Event: 21.625 Thread 0x000002190370fb40 Thread added: 0x000002190370fb40
Event: 22.026 loading class java/lang/Throwable$WrappedPrintWriter
Event: 22.026 loading class java/lang/Throwable$PrintStreamOrWriter
Event: 22.027 loading class java/lang/Throwable$PrintStreamOrWriter done
Event: 22.027 loading class java/lang/Throwable$WrappedPrintWriter done


Dynamic libraries:
0x00007ff7a4870000 - 0x00007ff7a487a000 	C:\Program Files\Android\Android Studio\jbr\bin\java.exe
0x00007ffceb950000 - 0x00007ffcebb67000 	C:\WINDOWS\SYSTEM32\ntdll.dll
0x00007ffce96a0000 - 0x00007ffce9764000 	C:\WINDOWS\System32\KERNEL32.DLL
0x00007ffce8de0000 - 0x00007ffce9185000 	C:\WINDOWS\System32\KERNELBASE.dll
0x00007ffce92c0000 - 0x00007ffce93d1000 	C:\WINDOWS\System32\ucrtbase.dll
0x00007ffcb4cc0000 - 0x00007ffcb4cdb000 	C:\Program Files\Android\Android Studio\jbr\bin\VCRUNTIME140.dll
0x00007ffcc3cf0000 - 0x00007ffcc3d07000 	C:\Program Files\Android\Android Studio\jbr\bin\jli.dll
0x00007ffceb760000 - 0x00007ffceb90e000 	C:\WINDOWS\System32\USER32.dll
0x00007ffce9500000 - 0x00007ffce9526000 	C:\WINDOWS\System32\win32u.dll
0x00007ffcd6f40000 - 0x00007ffcd71d3000 	C:\WINDOWS\WinSxS\amd64_microsoft.windows.common-controls_6595b64144ccf1df_6.0.22621.2506_none_270c5ae97388e100\COMCTL32.dll
0x00007ffcea4c0000 - 0x00007ffcea4e9000 	C:\WINDOWS\System32\GDI32.dll
0x00007ffcea4f0000 - 0x00007ffcea597000 	C:\WINDOWS\System32\msvcrt.dll
0x00007ffce93e0000 - 0x00007ffce94f9000 	C:\WINDOWS\System32\gdi32full.dll
0x00007ffce8cc0000 - 0x00007ffce8d5a000 	C:\WINDOWS\System32\msvcp_win.dll
0x00007ffceb5b0000 - 0x00007ffceb5e1000 	C:\WINDOWS\System32\IMM32.DLL
0x00007ffcd6720000 - 0x00007ffcd672c000 	C:\Program Files\Android\Android Studio\jbr\bin\vcruntime140_1.dll
0x00007ffc6fe70000 - 0x00007ffc6fefd000 	C:\Program Files\Android\Android Studio\jbr\bin\msvcp140.dll
0x00007ffc67bb0000 - 0x00007ffc6881e000 	C:\Program Files\Android\Android Studio\jbr\bin\server\jvm.dll
0x00007ffceae30000 - 0x00007ffceaee1000 	C:\WINDOWS\System32\ADVAPI32.dll
0x00007ffce9a30000 - 0x00007ffce9ad6000 	C:\WINDOWS\System32\sechost.dll
0x00007ffce9770000 - 0x00007ffce9887000 	C:\WINDOWS\System32\RPCRT4.dll
0x00007ffcdecf0000 - 0x00007ffcdecfa000 	C:\WINDOWS\SYSTEM32\VERSION.dll
0x00007ffce43f0000 - 0x00007ffce43f9000 	C:\WINDOWS\SYSTEM32\WSOCK32.dll
0x00007ffce05b0000 - 0x00007ffce05e4000 	C:\WINDOWS\SYSTEM32\WINMM.dll
0x00007ffce9e50000 - 0x00007ffce9ec1000 	C:\WINDOWS\System32\WS2_32.dll
0x00007ffce7cc0000 - 0x00007ffce7cd8000 	C:\WINDOWS\SYSTEM32\kernel.appcore.dll
0x00007ffce44a0000 - 0x00007ffce44aa000 	C:\Program Files\Android\Android Studio\jbr\bin\jimage.dll
0x00007ffce6340000 - 0x00007ffce6573000 	C:\WINDOWS\SYSTEM32\DBGHELP.DLL
0x00007ffceb0f0000 - 0x00007ffceb479000 	C:\WINDOWS\System32\combase.dll
0x00007ffceb4d0000 - 0x00007ffceb5a7000 	C:\WINDOWS\System32\OLEAUT32.dll
0x00007ffcd2150000 - 0x00007ffcd2182000 	C:\WINDOWS\SYSTEM32\dbgcore.DLL
0x00007ffce8d60000 - 0x00007ffce8dda000 	C:\WINDOWS\System32\bcryptPrimitives.dll
0x00007ffcc2f40000 - 0x00007ffcc2f65000 	C:\Program Files\Android\Android Studio\jbr\bin\java.dll
0x00007ffcde190000 - 0x00007ffcde1a8000 	C:\Program Files\Android\Android Studio\jbr\bin\zip.dll
0x00007ffcea5c0000 - 0x00007ffceae19000 	C:\WINDOWS\System32\SHELL32.dll
0x00007ffce6be0000 - 0x00007ffce74d4000 	C:\WINDOWS\SYSTEM32\windows.storage.dll
0x00007ffce6aa0000 - 0x00007ffce6bde000 	C:\WINDOWS\SYSTEM32\wintypes.dll
0x00007ffcea3c0000 - 0x00007ffcea4b3000 	C:\WINDOWS\System32\SHCORE.dll
0x00007ffceb700000 - 0x00007ffceb75e000 	C:\WINDOWS\System32\shlwapi.dll
0x00007ffce8bf0000 - 0x00007ffce8c16000 	C:\WINDOWS\SYSTEM32\profapi.dll
0x00007ffcd5c20000 - 0x00007ffcd5c39000 	C:\Program Files\Android\Android Studio\jbr\bin\net.dll
0x00007ffce14d0000 - 0x00007ffce1607000 	C:\WINDOWS\SYSTEM32\WINHTTP.dll
0x00007ffce8140000 - 0x00007ffce81a9000 	C:\WINDOWS\system32\mswsock.dll
0x00007ffcd3f20000 - 0x00007ffcd3f36000 	C:\Program Files\Android\Android Studio\jbr\bin\nio.dll
0x00007ffce4490000 - 0x00007ffce44a0000 	C:\Program Files\Android\Android Studio\jbr\bin\verify.dll
0x00007ffcc13b0000 - 0x00007ffcc13d7000 	C:\Users\Hateam\.gradle\native\68d5fa5c4cc2d200863cafc0d521ce42e7d3e7ee720ec0a83991735586a16f82\windows-amd64\native-platform.dll
0x00007ffc6f600000 - 0x00007ffc6f744000 	C:\Users\Hateam\.gradle\native\e376f236ea51e6404a007f0833ffe2c6e607c4080706a723a18a27aeea778392\windows-amd64\native-platform-file-events.dll
0x00007ffcdb630000 - 0x00007ffcdb639000 	C:\Program Files\Android\Android Studio\jbr\bin\management.dll
0x00007ffcd7690000 - 0x00007ffcd769b000 	C:\Program Files\Android\Android Studio\jbr\bin\management_ext.dll
0x00007ffce9c80000 - 0x00007ffce9c88000 	C:\WINDOWS\System32\PSAPI.DLL
0x00007ffce8390000 - 0x00007ffce83ab000 	C:\WINDOWS\SYSTEM32\CRYPTSP.dll
0x00007ffce7c20000 - 0x00007ffce7c55000 	C:\WINDOWS\system32\rsaenh.dll
0x00007ffce8230000 - 0x00007ffce825c000 	C:\WINDOWS\SYSTEM32\USERENV.dll
0x00007ffce8560000 - 0x00007ffce8588000 	C:\WINDOWS\SYSTEM32\bcrypt.dll
0x00007ffce83b0000 - 0x00007ffce83bc000 	C:\WINDOWS\SYSTEM32\CRYPTBASE.dll
0x00007ffce7740000 - 0x00007ffce776d000 	C:\WINDOWS\SYSTEM32\IPHLPAPI.DLL
0x00007ffceae20000 - 0x00007ffceae29000 	C:\WINDOWS\System32\NSI.dll
0x00007ffce1a40000 - 0x00007ffce1a59000 	C:\WINDOWS\SYSTEM32\dhcpcsvc6.DLL
0x00007ffce0fe0000 - 0x00007ffce0fff000 	C:\WINDOWS\SYSTEM32\dhcpcsvc.DLL
0x00007ffce77b0000 - 0x00007ffce78a9000 	C:\WINDOWS\SYSTEM32\DNSAPI.dll
0x00007ffc73620000 - 0x00007ffc73628000 	C:\WINDOWS\system32\wshunix.dll
0x000000006c8d0000 - 0x000000006c8f6000 	C:\Program Files\Bonjour\mdnsNSP.dll
0x00007ffce02b0000 - 0x00007ffce02ba000 	C:\Windows\System32\rasadhlp.dll
0x00007ffcdf0a0000 - 0x00007ffcdf123000 	C:\WINDOWS\System32\fwpuclnt.dll
0x00007ffcc8020000 - 0x00007ffcc8037000 	C:\WINDOWS\system32\napinsp.dll
0x00007ffcc8000000 - 0x00007ffcc801b000 	C:\WINDOWS\system32\pnrpnsp.dll
0x00007ffcc7fe0000 - 0x00007ffcc7ff1000 	C:\WINDOWS\System32\winrnr.dll
0x00007ffce03a0000 - 0x00007ffce03b5000 	C:\WINDOWS\system32\wshbth.dll
0x00007ffcc7f50000 - 0x00007ffcc7f71000 	C:\WINDOWS\system32\nlansp_c.dll

dbghelp: loaded successfully - version: 4.0.5 - missing functions: none
symbol engine: initialized successfully - sym options: 0x614 - pdb path: .;C:\Program Files\Android\Android Studio\jbr\bin;C:\WINDOWS\SYSTEM32;C:\WINDOWS\WinSxS\amd64_microsoft.windows.common-controls_6595b64144ccf1df_6.0.22621.2506_none_270c5ae97388e100;C:\Program Files\Android\Android Studio\jbr\bin\server;C:\Users\Hateam\.gradle\native\68d5fa5c4cc2d200863cafc0d521ce42e7d3e7ee720ec0a83991735586a16f82\windows-amd64;C:\Users\Hateam\.gradle\native\e376f236ea51e6404a007f0833ffe2c6e607c4080706a723a18a27aeea778392\windows-amd64;C:\Program Files\Bonjour

VM Arguments:
jvm_args: --add-opens=java.base/java.util=ALL-UNNAMED --add-opens=java.base/java.lang=ALL-UNNAMED --add-opens=java.base/java.lang.invoke=ALL-UNNAMED --add-opens=java.prefs/java.util.prefs=ALL-UNNAMED --add-opens=java.base/java.nio.charset=ALL-UNNAMED --add-opens=java.base/java.net=ALL-UNNAMED --add-opens=java.base/java.util.concurrent.atomic=ALL-UNNAMED -Xmx2048m -Dfile.encoding=UTF-8 -Duser.country=FR -Duser.language=fr -Duser.variant 
java_command: org.gradle.launcher.daemon.bootstrap.GradleDaemon 8.0
java_class_path (initial): C:\Users\Hateam\.gradle\wrapper\dists\gradle-8.0-bin\ca5e32bp14vu59qr306oxotwh\gradle-8.0\lib\gradle-launcher-8.0.jar
Launcher Type: SUN_STANDARD

[Global flags]
     intx CICompilerCount                          = 4                                         {product} {ergonomic}
     uint ConcGCThreads                            = 2                                         {product} {ergonomic}
     uint G1ConcRefinementThreads                  = 8                                         {product} {ergonomic}
   size_t G1HeapRegionSize                         = 1048576                                   {product} {ergonomic}
    uintx GCDrainStackTargetSize                   = 64                                        {product} {ergonomic}
   size_t InitialHeapSize                          = 100663296                                 {product} {ergonomic}
   size_t MarkStackSize                            = 4194304                                   {product} {ergonomic}
   size_t MaxHeapSize                              = 2147483648                                {product} {command line}
   size_t MaxNewSize                               = 1287651328                                {product} {ergonomic}
   size_t MinHeapDeltaBytes                        = 1048576                                   {product} {ergonomic}
   size_t MinHeapSize                              = 8388608                                   {product} {ergonomic}
    uintx NonNMethodCodeHeapSize                   = 5839372                                {pd product} {ergonomic}
    uintx NonProfiledCodeHeapSize                  = 122909434                              {pd product} {ergonomic}
    uintx ProfiledCodeHeapSize                     = 122909434                              {pd product} {ergonomic}
    uintx ReservedCodeCacheSize                    = 251658240                              {pd product} {ergonomic}
     bool SegmentedCodeCache                       = true                                      {product} {ergonomic}
   size_t SoftMaxHeapSize                          = 2147483648                             {manageable} {ergonomic}
     bool UseCompressedClassPointers               = true                           {product lp64_product} {ergonomic}
     bool UseCompressedOops                        = true                           {product lp64_product} {ergonomic}
     bool UseG1GC                                  = true                                      {product} {ergonomic}
     bool UseLargePagesIndividualAllocation        = false                                  {pd product} {ergonomic}

Logging:
Log output configuration:
 #0: stdout all=warning uptime,level,tags
 #1: stderr all=off uptime,level,tags

Environment Variables:
PATH=C:\Python312\Scripts\;C:\Python312\;C:\Program Files\Zulu\zulu-17\bin\;C:\Program Files\Common Files\Oracle\Java\javapath;C:\Apache24\bin;C:\WINDOWS\system32;C:\WINDOWS;C:\WINDOWS\System32\Wbem;C:\WINDOWS\System32\WindowsPowerShell\v1.0\;C:\WINDOWS\System32\OpenSSH\;C:\php-8.2.0;C:\Program Files\Microsoft SQL Server\130\Tools\Binn\;C:\Program Files\Microsoft SQL Server\Client SDK\ODBC\170\Tools\Binn\;C:\ProgramData\ComposerSetup\bin;C:\Program Files\nodejs\;C:\ProgramData\chocolatey\bin;C:\Program Files\Git\cmd;C:\Users\Hateam\scoop\shims;C:\Program Files\MySQL\MySQL Shell 8.0\bin\;C:\Users\Hateam\AppData\Local\Programs\Python\Python310\Scripts\;C:\Users\Hateam\AppData\Local\Programs\Python\Python310\;C:\Users\Hateam\AppData\Local\Microsoft\WindowsApps;C:\Users\Hateam\AppData\Local\Programs\Microsoft VS Code\bin;C:\Program Files\Java\jdk-11.0.17\bin\;C:\Users\Hateam\AppData\Roaming\Composer\vendor\bin;C:\Program Files\JetBrains\IntelliJ IDEA Community Edition 2022.3\bin;;C:\Program Files\JetBrains\PyCharm 2023.1.1\bin;;C:\Program Files\JetBrains\IntelliJ IDEA 2023.1.2\bin;;C:\Users\Hateam\AppData\Local\GitHubDesktop\bin;C:\Users\Hateam\AppData\Roaming\npm
USERNAME=Hateam
OS=Windows_NT
PROCESSOR_IDENTIFIER=AMD64 Family 23 Model 24 Stepping 1, AuthenticAMD
TMP=C:\Users\Hateam\AppData\Local\Temp
TEMP=C:\Users\Hateam\AppData\Local\Temp


JNI global refs:
JNI global refs: 27, weak refs: 20

JNI global refs memory usage: 843, weak refs: 841


---------------  S Y S T E M  ---------------

OS:
 Windows 11 , 64 bit Build 22621 (10.0.22621.2506)
OS uptime: 4 days 23:26 hours

CPU: total 8 (initial active 8) (8 cores per cpu, 2 threads per core) family 23 model 24 stepping 1 microcode 0x0, cx8, cmov, fxsr, ht, mmx, 3dnowpref, sse, sse2, sse3, ssse3, sse4a, sse4.1, sse4.2, popcnt, lzcnt, tsc, tscinvbit, avx, avx2, aes, clmul, bmi1, bmi2, adx, sha, fma, vzeroupper, clflush, clflushopt

Memory: 4k page, system-wide physical 6091M (333M free)
TotalPageFile size 24523M (AvailPageFile size 4M)
current process WorkingSet (physical memory assigned to process): 401M, peak: 415M
current process commit charge ("private bytes"): 464M, peak: 647M

vm_info: OpenJDK 64-Bit Server VM (17.0.6+0-b2043.56-10027231) for windows-amd64 JRE (17.0.6+0-b2043.56-10027231), built on Apr 28 2023 00:43:19 by "androidbuild" with MS VC++ 16.10 / 16.11 (VS2019)

END.
