#
# There is insufficient memory for the Java Runtime Environment to continue.
# Native memory allocation (malloc) failed to allocate 325776 bytes for Chunk::new
# Possible reasons:
#   The system is out of physical RAM or swap space
#   The process is running with CompressedOops enabled, and the Java Heap may be blocking the growth of the native heap
# Possible solutions:
#   Reduce memory load on the system
#   Increase physical memory or swap space
#   Check if swap backing store is full
#   Decrease Java heap size (-Xmx/-Xms)
#   Decrease number of Java threads
#   Decrease Java thread stack sizes (-Xss)
#   Set larger code cache with -XX:ReservedCodeCacheSize=
#   JVM is running with Unscaled Compressed Oops mode in which the Java heap is
#     placed in the first 4GB address space. The Java Heap base address is the
#     maximum limit for the native heap growth. Please use -XX:HeapBaseMinAddress
#     to set the Java Heap base and to place the Java Heap above 4GB virtual address.
# This output file may be truncated or incomplete.
#
#  Out of Memory Error (arena.cpp:189), pid=58796, tid=13004
#
# JRE version: OpenJDK Runtime Environment (17.0.6) (build 17.0.6+0-b2043.56-10027231)
# Java VM: OpenJDK 64-Bit Server VM (17.0.6+0-b2043.56-10027231, mixed mode, tiered, compressed oops, compressed class ptrs, g1 gc, windows-amd64)
# No core dump will be written. Minidumps are not enabled by default on client versions of Windows
#

---------------  S U M M A R Y ------------

Command Line: org.jetbrains.kotlin.cli.jvm.K2JVMCompiler @C:\Users\Hateam\AndroidStudioProjects\ApplicationLearning\app\build\20231208_13498659575339417873.compiler.options

Host: AMD Ryzen 7 3700U with Radeon Vega Mobile Gfx  , 8 cores, 5G,  Windows 11 , 64 bit Build 22621 (10.0.22621.2506)
Time: Fri Dec  8 20:18:24 2023 Paris, Madrid elapsed time: 2.088861 seconds (0d 0h 0m 2s)

---------------  T H R E A D  ---------------

Current thread (0x0000024538d408a0):  JavaThread "C2 CompilerThread0" daemon [_thread_in_native, id=13004, stack(0x000000d3da000000,0x000000d3da100000)]


Current CompileTask:
C2:   2089 1566 % !   4       java.util.concurrent.ConcurrentHashMap::transfer @ 96 (849 bytes)

Stack: [0x000000d3da000000,0x000000d3da100000]
Native frames: (J=compiled Java code, j=interpreted, Vv=VM code, C=native code)
V  [jvm.dll+0x683c9a]
V  [jvm.dll+0x8427a4]
V  [jvm.dll+0x843f9e]
V  [jvm.dll+0x844603]
V  [jvm.dll+0x249b75]
V  [jvm.dll+0xabcac]
V  [jvm.dll+0xac27c]
V  [jvm.dll+0x368802]
V  [jvm.dll+0x332f31]
V  [jvm.dll+0x3323da]
V  [jvm.dll+0x21c201]
V  [jvm.dll+0x21b621]
V  [jvm.dll+0x1a4fdd]
V  [jvm.dll+0x22b098]
V  [jvm.dll+0x229159]
V  [jvm.dll+0x7f81ec]
V  [jvm.dll+0x7f274a]
V  [jvm.dll+0x682ad5]
C  [ucrtbase.dll+0x29363]
C  [KERNEL32.DLL+0x1257d]
C  [ntdll.dll+0x5aa58]


---------------  P R O C E S S  ---------------

Threads class SMR info:
_java_thread_list=0x0000024538ed73a0, length=12, elements={
0x000002451f80c1e0, 0x00000245382c92c0, 0x00000245382ca040, 0x0000024538318820,
0x000002453831b2f0, 0x000002453831dfc0, 0x000002453831e880, 0x0000024538d408a0,
0x0000024538d427c0, 0x0000024538d47ea0, 0x0000024538ed61f0, 0x0000024538ee6dc0
}

Java Threads: ( => current thread )
  0x000002451f80c1e0 JavaThread "main" [_thread_in_native, id=18368, stack(0x000000d3d9300000,0x000000d3d9400000)]
  0x00000245382c92c0 JavaThread "Reference Handler" daemon [_thread_blocked, id=46036, stack(0x000000d3d9a00000,0x000000d3d9b00000)]
  0x00000245382ca040 JavaThread "Finalizer" daemon [_thread_blocked, id=40864, stack(0x000000d3d9b00000,0x000000d3d9c00000)]
  0x0000024538318820 JavaThread "Signal Dispatcher" daemon [_thread_blocked, id=42280, stack(0x000000d3d9c00000,0x000000d3d9d00000)]
  0x000002453831b2f0 JavaThread "Attach Listener" daemon [_thread_blocked, id=65708, stack(0x000000d3d9d00000,0x000000d3d9e00000)]
  0x000002453831dfc0 JavaThread "Service Thread" daemon [_thread_blocked, id=46772, stack(0x000000d3d9e00000,0x000000d3d9f00000)]
  0x000002453831e880 JavaThread "Monitor Deflation Thread" daemon [_thread_blocked, id=42128, stack(0x000000d3d9f00000,0x000000d3da000000)]
=>0x0000024538d408a0 JavaThread "C2 CompilerThread0" daemon [_thread_in_native, id=13004, stack(0x000000d3da000000,0x000000d3da100000)]
  0x0000024538d427c0 JavaThread "C1 CompilerThread0" daemon [_thread_blocked, id=61832, stack(0x000000d3da100000,0x000000d3da200000)]
  0x0000024538d47ea0 JavaThread "Sweeper thread" daemon [_thread_blocked, id=66440, stack(0x000000d3da200000,0x000000d3da300000)]
  0x0000024538ed61f0 JavaThread "Notification Thread" daemon [_thread_blocked, id=26576, stack(0x000000d3da300000,0x000000d3da400000)]
  0x0000024538ee6dc0 JavaThread "Common-Cleaner" daemon [_thread_blocked, id=35172, stack(0x000000d3da500000,0x000000d3da600000)]

Other Threads:
  0x00000245382e0bc0 VMThread "VM Thread" [stack: 0x000000d3d9900000,0x000000d3d9a00000] [id=66408]
  0x0000024538ed96e0 WatcherThread [stack: 0x000000d3da400000,0x000000d3da500000] [id=13160]
  0x000002451f857770 GCTaskThread "GC Thread#0" [stack: 0x000000d3d9400000,0x000000d3d9500000] [id=3700]
  0x00000245393a8830 GCTaskThread "GC Thread#1" [stack: 0x000000d3da600000,0x000000d3da700000] [id=62860]
  0x00000245394ab100 GCTaskThread "GC Thread#2" [stack: 0x000000d3da700000,0x000000d3da800000] [id=44044]
  0x00000245394ab3b0 GCTaskThread "GC Thread#3" [stack: 0x000000d3da800000,0x000000d3da900000] [id=59832]
  0x00000245394c7390 GCTaskThread "GC Thread#4" [stack: 0x000000d3da900000,0x000000d3daa00000] [id=62368]
  0x000002451f865450 ConcurrentGCThread "G1 Main Marker" [stack: 0x000000d3d9500000,0x000000d3d9600000] [id=12512]
  0x000002451f867d80 ConcurrentGCThread "G1 Conc#0" [stack: 0x000000d3d9600000,0x000000d3d9700000] [id=15932]
  0x000002451f8cebe0 ConcurrentGCThread "G1 Refine#0" [stack: 0x000000d3d9700000,0x000000d3d9800000] [id=59276]
  0x00000245381305e0 ConcurrentGCThread "G1 Service" [stack: 0x000000d3d9800000,0x000000d3d9900000] [id=65308]

Threads with active compile tasks:
C2 CompilerThread0     2122 1566 % !   4       java.util.concurrent.ConcurrentHashMap::transfer @ 96 (849 bytes)
C1 CompilerThread0     2122 1592       3       java.util.jar.JavaUtilJarAccessImpl::getTrustedAttributes (6 bytes)

VM state: not at safepoint (normal execution)

VM Mutex/Monitor currently owned by a thread: None

Heap address: 0x00000000a0c00000, size: 1524 MB, Compressed Oops mode: 32-bit

CDS archive(s) not mapped
Compressed class space mapped at: 0x0000000100000000-0x0000000140000000, reserved size: 1073741824
Narrow klass base: 0x0000000000000000, Narrow klass shift: 3, Narrow klass range: 0x140000000

GC Precious Log:
 CPUs: 8 total, 8 available
 Memory: 6091M
 Large Page Support: Disabled
 NUMA Support: Disabled
 Compressed Oops: Enabled (32-bit)
 Heap Region Size: 1M
 Heap Min Capacity: 8M
 Heap Initial Capacity: 96M
 Heap Max Capacity: 1524M
 Pre-touch: Disabled
 Parallel Workers: 8
 Concurrent Workers: 2
 Concurrent Refinement Workers: 8
 Periodic GC: Disabled

Heap:
 garbage-first heap   total 98304K, used 27311K [0x00000000a0c00000, 0x0000000100000000)
  region size 1024K, 24 young (24576K), 3 survivors (3072K)
 Metaspace       used 18246K, committed 18368K, reserved 1073152K
  class space    used 1879K, committed 1920K, reserved 1048576K

Heap Regions: E=young(eden), S=young(survivor), O=old, HS=humongous(starts), HC=humongous(continues), CS=collection set, F=free, OA=open archive, CA=closed archive, TAMS=top-at-mark-start (previous, next)
|   0|0x00000000a0c00000, 0x00000000a0d00000, 0x00000000a0d00000|100%|HS|  |TAMS 0x00000000a0c00000, 0x00000000a0c00000| Complete 
|   1|0x00000000a0d00000, 0x00000000a0e00000, 0x00000000a0e00000|100%|HC|  |TAMS 0x00000000a0d00000, 0x00000000a0d00000| Complete 
|   2|0x00000000a0e00000, 0x00000000a0f00000, 0x00000000a0f00000|100%|HC|  |TAMS 0x00000000a0e00000, 0x00000000a0e00000| Complete 
|   3|0x00000000a0f00000, 0x00000000a1000000, 0x00000000a1000000|100%|HC|  |TAMS 0x00000000a0f00000, 0x00000000a0f00000| Complete 
|   4|0x00000000a1000000, 0x00000000a1000000, 0x00000000a1100000|  0%| F|  |TAMS 0x00000000a1000000, 0x00000000a1000000| Untracked 
|   5|0x00000000a1100000, 0x00000000a1100000, 0x00000000a1200000|  0%| F|  |TAMS 0x00000000a1100000, 0x00000000a1100000| Untracked 
|   6|0x00000000a1200000, 0x00000000a1200000, 0x00000000a1300000|  0%| F|  |TAMS 0x00000000a1200000, 0x00000000a1200000| Untracked 
|   7|0x00000000a1300000, 0x00000000a1300000, 0x00000000a1400000|  0%| F|  |TAMS 0x00000000a1300000, 0x00000000a1300000| Untracked 
|   8|0x00000000a1400000, 0x00000000a1400000, 0x00000000a1500000|  0%| F|  |TAMS 0x00000000a1400000, 0x00000000a1400000| Untracked 
|   9|0x00000000a1500000, 0x00000000a1500000, 0x00000000a1600000|  0%| F|  |TAMS 0x00000000a1500000, 0x00000000a1500000| Untracked 
|  10|0x00000000a1600000, 0x00000000a1600000, 0x00000000a1700000|  0%| F|  |TAMS 0x00000000a1600000, 0x00000000a1600000| Untracked 
|  11|0x00000000a1700000, 0x00000000a1700000, 0x00000000a1800000|  0%| F|  |TAMS 0x00000000a1700000, 0x00000000a1700000| Untracked 
|  12|0x00000000a1800000, 0x00000000a1800000, 0x00000000a1900000|  0%| F|  |TAMS 0x00000000a1800000, 0x00000000a1800000| Untracked 
|  13|0x00000000a1900000, 0x00000000a1900000, 0x00000000a1a00000|  0%| F|  |TAMS 0x00000000a1900000, 0x00000000a1900000| Untracked 
|  14|0x00000000a1a00000, 0x00000000a1a00000, 0x00000000a1b00000|  0%| F|  |TAMS 0x00000000a1a00000, 0x00000000a1a00000| Untracked 
|  15|0x00000000a1b00000, 0x00000000a1b00000, 0x00000000a1c00000|  0%| F|  |TAMS 0x00000000a1b00000, 0x00000000a1b00000| Untracked 
|  16|0x00000000a1c00000, 0x00000000a1c00000, 0x00000000a1d00000|  0%| F|  |TAMS 0x00000000a1c00000, 0x00000000a1c00000| Untracked 
|  17|0x00000000a1d00000, 0x00000000a1d00000, 0x00000000a1e00000|  0%| F|  |TAMS 0x00000000a1d00000, 0x00000000a1d00000| Untracked 
|  18|0x00000000a1e00000, 0x00000000a1e00000, 0x00000000a1f00000|  0%| F|  |TAMS 0x00000000a1e00000, 0x00000000a1e00000| Untracked 
|  19|0x00000000a1f00000, 0x00000000a1f00000, 0x00000000a2000000|  0%| F|  |TAMS 0x00000000a1f00000, 0x00000000a1f00000| Untracked 
|  20|0x00000000a2000000, 0x00000000a2000000, 0x00000000a2100000|  0%| F|  |TAMS 0x00000000a2000000, 0x00000000a2000000| Untracked 
|  21|0x00000000a2100000, 0x00000000a2100000, 0x00000000a2200000|  0%| F|  |TAMS 0x00000000a2100000, 0x00000000a2100000| Untracked 
|  22|0x00000000a2200000, 0x00000000a2200000, 0x00000000a2300000|  0%| F|  |TAMS 0x00000000a2200000, 0x00000000a2200000| Untracked 
|  23|0x00000000a2300000, 0x00000000a2300000, 0x00000000a2400000|  0%| F|  |TAMS 0x00000000a2300000, 0x00000000a2300000| Untracked 
|  24|0x00000000a2400000, 0x00000000a2400000, 0x00000000a2500000|  0%| F|  |TAMS 0x00000000a2400000, 0x00000000a2400000| Untracked 
|  25|0x00000000a2500000, 0x00000000a2500000, 0x00000000a2600000|  0%| F|  |TAMS 0x00000000a2500000, 0x00000000a2500000| Untracked 
|  26|0x00000000a2600000, 0x00000000a2600000, 0x00000000a2700000|  0%| F|  |TAMS 0x00000000a2600000, 0x00000000a2600000| Untracked 
|  27|0x00000000a2700000, 0x00000000a2700000, 0x00000000a2800000|  0%| F|  |TAMS 0x00000000a2700000, 0x00000000a2700000| Untracked 
|  28|0x00000000a2800000, 0x00000000a2800000, 0x00000000a2900000|  0%| F|  |TAMS 0x00000000a2800000, 0x00000000a2800000| Untracked 
|  29|0x00000000a2900000, 0x00000000a2900000, 0x00000000a2a00000|  0%| F|  |TAMS 0x00000000a2900000, 0x00000000a2900000| Untracked 
|  30|0x00000000a2a00000, 0x00000000a2a00000, 0x00000000a2b00000|  0%| F|  |TAMS 0x00000000a2a00000, 0x00000000a2a00000| Untracked 
|  31|0x00000000a2b00000, 0x00000000a2b00000, 0x00000000a2c00000|  0%| F|  |TAMS 0x00000000a2b00000, 0x00000000a2b00000| Untracked 
|  32|0x00000000a2c00000, 0x00000000a2c00000, 0x00000000a2d00000|  0%| F|  |TAMS 0x00000000a2c00000, 0x00000000a2c00000| Untracked 
|  33|0x00000000a2d00000, 0x00000000a2d00000, 0x00000000a2e00000|  0%| F|  |TAMS 0x00000000a2d00000, 0x00000000a2d00000| Untracked 
|  34|0x00000000a2e00000, 0x00000000a2e00000, 0x00000000a2f00000|  0%| F|  |TAMS 0x00000000a2e00000, 0x00000000a2e00000| Untracked 
|  35|0x00000000a2f00000, 0x00000000a2f00000, 0x00000000a3000000|  0%| F|  |TAMS 0x00000000a2f00000, 0x00000000a2f00000| Untracked 
|  36|0x00000000a3000000, 0x00000000a3000000, 0x00000000a3100000|  0%| F|  |TAMS 0x00000000a3000000, 0x00000000a3000000| Untracked 
|  37|0x00000000a3100000, 0x00000000a3100000, 0x00000000a3200000|  0%| F|  |TAMS 0x00000000a3100000, 0x00000000a3100000| Untracked 
|  38|0x00000000a3200000, 0x00000000a3200000, 0x00000000a3300000|  0%| F|  |TAMS 0x00000000a3200000, 0x00000000a3200000| Untracked 
|  39|0x00000000a3300000, 0x00000000a3300000, 0x00000000a3400000|  0%| F|  |TAMS 0x00000000a3300000, 0x00000000a3300000| Untracked 
|  40|0x00000000a3400000, 0x00000000a3400000, 0x00000000a3500000|  0%| F|  |TAMS 0x00000000a3400000, 0x00000000a3400000| Untracked 
|  41|0x00000000a3500000, 0x00000000a3500000, 0x00000000a3600000|  0%| F|  |TAMS 0x00000000a3500000, 0x00000000a3500000| Untracked 
|  42|0x00000000a3600000, 0x00000000a3600000, 0x00000000a3700000|  0%| F|  |TAMS 0x00000000a3600000, 0x00000000a3600000| Untracked 
|  43|0x00000000a3700000, 0x00000000a3700000, 0x00000000a3800000|  0%| F|  |TAMS 0x00000000a3700000, 0x00000000a3700000| Untracked 
|  44|0x00000000a3800000, 0x00000000a3800000, 0x00000000a3900000|  0%| F|  |TAMS 0x00000000a3800000, 0x00000000a3800000| Untracked 
|  45|0x00000000a3900000, 0x00000000a3900000, 0x00000000a3a00000|  0%| F|  |TAMS 0x00000000a3900000, 0x00000000a3900000| Untracked 
|  46|0x00000000a3a00000, 0x00000000a3a00000, 0x00000000a3b00000|  0%| F|  |TAMS 0x00000000a3a00000, 0x00000000a3a00000| Untracked 
|  47|0x00000000a3b00000, 0x00000000a3b00000, 0x00000000a3c00000|  0%| F|  |TAMS 0x00000000a3b00000, 0x00000000a3b00000| Untracked 
|  48|0x00000000a3c00000, 0x00000000a3c00000, 0x00000000a3d00000|  0%| F|  |TAMS 0x00000000a3c00000, 0x00000000a3c00000| Untracked 
|  49|0x00000000a3d00000, 0x00000000a3d00000, 0x00000000a3e00000|  0%| F|  |TAMS 0x00000000a3d00000, 0x00000000a3d00000| Untracked 
|  50|0x00000000a3e00000, 0x00000000a3e00000, 0x00000000a3f00000|  0%| F|  |TAMS 0x00000000a3e00000, 0x00000000a3e00000| Untracked 
|  51|0x00000000a3f00000, 0x00000000a3f00000, 0x00000000a4000000|  0%| F|  |TAMS 0x00000000a3f00000, 0x00000000a3f00000| Untracked 
|  52|0x00000000a4000000, 0x00000000a4000000, 0x00000000a4100000|  0%| F|  |TAMS 0x00000000a4000000, 0x00000000a4000000| Untracked 
|  53|0x00000000a4100000, 0x00000000a4100000, 0x00000000a4200000|  0%| F|  |TAMS 0x00000000a4100000, 0x00000000a4100000| Untracked 
|  54|0x00000000a4200000, 0x00000000a4200000, 0x00000000a4300000|  0%| F|  |TAMS 0x00000000a4200000, 0x00000000a4200000| Untracked 
|  55|0x00000000a4300000, 0x00000000a4300000, 0x00000000a4400000|  0%| F|  |TAMS 0x00000000a4300000, 0x00000000a4300000| Untracked 
|  56|0x00000000a4400000, 0x00000000a4400000, 0x00000000a4500000|  0%| F|  |TAMS 0x00000000a4400000, 0x00000000a4400000| Untracked 
|  57|0x00000000a4500000, 0x00000000a4500000, 0x00000000a4600000|  0%| F|  |TAMS 0x00000000a4500000, 0x00000000a4500000| Untracked 
|  58|0x00000000a4600000, 0x00000000a4600000, 0x00000000a4700000|  0%| F|  |TAMS 0x00000000a4600000, 0x00000000a4600000| Untracked 
|  59|0x00000000a4700000, 0x00000000a4700000, 0x00000000a4800000|  0%| F|  |TAMS 0x00000000a4700000, 0x00000000a4700000| Untracked 
|  60|0x00000000a4800000, 0x00000000a4800000, 0x00000000a4900000|  0%| F|  |TAMS 0x00000000a4800000, 0x00000000a4800000| Untracked 
|  61|0x00000000a4900000, 0x00000000a4900000, 0x00000000a4a00000|  0%| F|  |TAMS 0x00000000a4900000, 0x00000000a4900000| Untracked 
|  62|0x00000000a4a00000, 0x00000000a4a00000, 0x00000000a4b00000|  0%| F|  |TAMS 0x00000000a4a00000, 0x00000000a4a00000| Untracked 
|  63|0x00000000a4b00000, 0x00000000a4b00000, 0x00000000a4c00000|  0%| F|  |TAMS 0x00000000a4b00000, 0x00000000a4b00000| Untracked 
|  64|0x00000000a4c00000, 0x00000000a4c00000, 0x00000000a4d00000|  0%| F|  |TAMS 0x00000000a4c00000, 0x00000000a4c00000| Untracked 
|  65|0x00000000a4d00000, 0x00000000a4d00000, 0x00000000a4e00000|  0%| F|  |TAMS 0x00000000a4d00000, 0x00000000a4d00000| Untracked 
|  66|0x00000000a4e00000, 0x00000000a4e00000, 0x00000000a4f00000|  0%| F|  |TAMS 0x00000000a4e00000, 0x00000000a4e00000| Untracked 
|  67|0x00000000a4f00000, 0x00000000a4f00000, 0x00000000a5000000|  0%| F|  |TAMS 0x00000000a4f00000, 0x00000000a4f00000| Untracked 
|  68|0x00000000a5000000, 0x00000000a5000000, 0x00000000a5100000|  0%| F|  |TAMS 0x00000000a5000000, 0x00000000a5000000| Untracked 
|  69|0x00000000a5100000, 0x00000000a5100000, 0x00000000a5200000|  0%| F|  |TAMS 0x00000000a5100000, 0x00000000a5100000| Untracked 
|  70|0x00000000a5200000, 0x00000000a52abc80, 0x00000000a5300000| 67%| S|CS|TAMS 0x00000000a5200000, 0x00000000a5200000| Complete 
|  71|0x00000000a5300000, 0x00000000a5400000, 0x00000000a5400000|100%| S|CS|TAMS 0x00000000a5300000, 0x00000000a5300000| Complete 
|  72|0x00000000a5400000, 0x00000000a5500000, 0x00000000a5500000|100%| S|CS|TAMS 0x00000000a5400000, 0x00000000a5400000| Complete 
|  73|0x00000000a5500000, 0x00000000a5500000, 0x00000000a5600000|  0%| F|  |TAMS 0x00000000a5500000, 0x00000000a5500000| Untracked 
|  74|0x00000000a5600000, 0x00000000a5600000, 0x00000000a5700000|  0%| F|  |TAMS 0x00000000a5600000, 0x00000000a5600000| Untracked 
|  75|0x00000000a5700000, 0x00000000a5800000, 0x00000000a5800000|100%| E|  |TAMS 0x00000000a5700000, 0x00000000a5700000| Complete 
|  76|0x00000000a5800000, 0x00000000a5900000, 0x00000000a5900000|100%| E|CS|TAMS 0x00000000a5800000, 0x00000000a5800000| Complete 
|  77|0x00000000a5900000, 0x00000000a5a00000, 0x00000000a5a00000|100%| E|CS|TAMS 0x00000000a5900000, 0x00000000a5900000| Complete 
|  78|0x00000000a5a00000, 0x00000000a5b00000, 0x00000000a5b00000|100%| E|CS|TAMS 0x00000000a5a00000, 0x00000000a5a00000| Complete 
|  79|0x00000000a5b00000, 0x00000000a5c00000, 0x00000000a5c00000|100%| E|CS|TAMS 0x00000000a5b00000, 0x00000000a5b00000| Complete 
|  80|0x00000000a5c00000, 0x00000000a5d00000, 0x00000000a5d00000|100%| E|CS|TAMS 0x00000000a5c00000, 0x00000000a5c00000| Complete 
|  81|0x00000000a5d00000, 0x00000000a5e00000, 0x00000000a5e00000|100%| E|CS|TAMS 0x00000000a5d00000, 0x00000000a5d00000| Complete 
|  82|0x00000000a5e00000, 0x00000000a5f00000, 0x00000000a5f00000|100%| E|CS|TAMS 0x00000000a5e00000, 0x00000000a5e00000| Complete 
|  83|0x00000000a5f00000, 0x00000000a6000000, 0x00000000a6000000|100%| E|CS|TAMS 0x00000000a5f00000, 0x00000000a5f00000| Complete 
|  84|0x00000000a6000000, 0x00000000a6100000, 0x00000000a6100000|100%| E|CS|TAMS 0x00000000a6000000, 0x00000000a6000000| Complete 
|  85|0x00000000a6100000, 0x00000000a6200000, 0x00000000a6200000|100%| E|CS|TAMS 0x00000000a6100000, 0x00000000a6100000| Complete 
|  86|0x00000000a6200000, 0x00000000a6300000, 0x00000000a6300000|100%| E|CS|TAMS 0x00000000a6200000, 0x00000000a6200000| Complete 
|  87|0x00000000a6300000, 0x00000000a6400000, 0x00000000a6400000|100%| E|CS|TAMS 0x00000000a6300000, 0x00000000a6300000| Complete 
|  88|0x00000000a6400000, 0x00000000a6500000, 0x00000000a6500000|100%| E|CS|TAMS 0x00000000a6400000, 0x00000000a6400000| Complete 
|  89|0x00000000a6500000, 0x00000000a6600000, 0x00000000a6600000|100%| E|CS|TAMS 0x00000000a6500000, 0x00000000a6500000| Complete 
|  90|0x00000000a6600000, 0x00000000a6700000, 0x00000000a6700000|100%| E|CS|TAMS 0x00000000a6600000, 0x00000000a6600000| Complete 
|  91|0x00000000a6700000, 0x00000000a6800000, 0x00000000a6800000|100%| E|CS|TAMS 0x00000000a6700000, 0x00000000a6700000| Complete 
|  92|0x00000000a6800000, 0x00000000a6900000, 0x00000000a6900000|100%| E|CS|TAMS 0x00000000a6800000, 0x00000000a6800000| Complete 
|  93|0x00000000a6900000, 0x00000000a6a00000, 0x00000000a6a00000|100%| E|CS|TAMS 0x00000000a6900000, 0x00000000a6900000| Complete 
|  94|0x00000000a6a00000, 0x00000000a6b00000, 0x00000000a6b00000|100%| E|CS|TAMS 0x00000000a6a00000, 0x00000000a6a00000| Complete 
|  95|0x00000000a6b00000, 0x00000000a6c00000, 0x00000000a6c00000|100%| E|CS|TAMS 0x00000000a6b00000, 0x00000000a6b00000| Complete 

Card table byte_map: [0x0000024532300000,0x0000024532600000] _byte_map_base: 0x0000024531dfa000

Marking Bits (Prev, Next): (CMBitMap*) 0x000002451f857c90, (CMBitMap*) 0x000002451f857cd0
 Prev Bits: [0x0000024532900000, 0x00000245340d0000)
 Next Bits: [0x00000245340d0000, 0x00000245358a0000)

Polling page: 0x000002451efd0000

Metaspace:

Usage:
  Non-class:     16.01 MB used.
      Class:      1.84 MB used.
       Both:     17.85 MB used.

Virtual space:
  Non-class space:       24.00 MB reserved,      16.12 MB ( 67%) committed,  3 nodes.
      Class space:        1.00 GB reserved,       1.88 MB ( <1%) committed,  1 nodes.
             Both:        1.02 GB reserved,      18.00 MB (  2%) committed. 

Chunk freelists:
   Non-Class:  3.36 MB
       Class:  1.94 MB
        Both:  5.30 MB

MaxMetaspaceSize: unlimited
CompressedClassSpaceSize: 1.00 GB
Initial GC threshold: 21.00 MB
Current GC threshold: 21.00 MB
CDS: off
MetaspaceReclaimPolicy: balanced
 - commit_granule_bytes: 65536.
 - commit_granule_words: 8192.
 - virtual_space_node_default_size: 1048576.
 - enlarge_chunks_in_place: 1.
 - new_chunks_are_fully_committed: 0.
 - uncommit_free_chunks: 1.
 - use_allocation_guard: 0.
 - handle_deallocations: 1.


Internal statistics:

num_allocs_failed_limit: 0.
num_arena_births: 118.
num_arena_deaths: 0.
num_vsnodes_births: 4.
num_vsnodes_deaths: 0.
num_space_committed: 288.
num_space_uncommitted: 0.
num_chunks_returned_to_freelist: 0.
num_chunks_taken_from_freelist: 472.
num_chunk_merges: 0.
num_chunk_splits: 374.
num_chunks_enlarged: 317.
num_purges: 0.
num_inconsistent_stats: 0.

CodeHeap 'non-profiled nmethods': size=120000Kb used=460Kb max_used=460Kb free=119539Kb
 bounds [0x000002452a7a0000, 0x000002452aa10000, 0x0000024531cd0000]
CodeHeap 'profiled nmethods': size=120000Kb used=3041Kb max_used=3041Kb free=116958Kb
 bounds [0x0000024522cd0000, 0x0000024522fd0000, 0x000002452a200000]
CodeHeap 'non-nmethods': size=5760Kb used=1182Kb max_used=1188Kb free=4577Kb
 bounds [0x000002452a200000, 0x000002452a470000, 0x000002452a7a0000]
 total_blobs=2067 nmethods=1590 adapters=390
 compilation: enabled
              stopped_count=0, restarted_count=0
 full_count=0

Compilation events (20 events):
Event: 2.039 Thread 0x0000024538d427c0 1562       3       java.lang.invoke.Invokers::checkCustomized (23 bytes)
Event: 2.039 Thread 0x0000024538d427c0 nmethod 1562 0x0000024522fb7e10 code [0x0000024522fb7fc0, 0x0000024522fb8188]
Event: 2.040 Thread 0x0000024538d427c0 1563       3       java.lang.invoke.InvokerBytecodeGenerator::emitPushArgument (150 bytes)
Event: 2.041 Thread 0x0000024538d427c0 nmethod 1563 0x0000024522fb8290 code [0x0000024522fb8560, 0x0000024522fb93e8]
Event: 2.050 Thread 0x0000024538d427c0 1564       3       java.lang.StringBuilder::<init> (6 bytes)
Event: 2.050 Thread 0x0000024538d427c0 nmethod 1564 0x0000024522fb9810 code [0x0000024522fb99a0, 0x0000024522fb9ae8]
Event: 2.052 Thread 0x0000024538d427c0 1565       3       java.security.CodeSource::getCertificates (98 bytes)
Event: 2.052 Thread 0x0000024538d427c0 nmethod 1565 0x0000024522fb9b90 code [0x0000024522fb9e00, 0x0000024522fbaa78]
Event: 2.069 Thread 0x0000024538d408a0 1566 % !   4       java.util.concurrent.ConcurrentHashMap::transfer @ 96 (849 bytes)
Event: 2.073 Thread 0x0000024538d427c0 1568   !   3       java.lang.ClassLoader::addClass (27 bytes)
Event: 2.073 Thread 0x0000024538d427c0 nmethod 1568 0x0000024522fbad90 code [0x0000024522fbaf60, 0x0000024522fbb568]
Event: 2.073 Thread 0x0000024538d427c0 1569  s!   3       jdk.internal.loader.URLClassPath::getLoader (194 bytes)
Event: 2.075 Thread 0x0000024538d427c0 nmethod 1569 0x0000024522fbb890 code [0x0000024522fbbb80, 0x0000024522fbd008]
Event: 2.083 Thread 0x0000024538d427c0 1570       3       java.lang.invoke.Invokers::checkExactType (17 bytes)
Event: 2.084 Thread 0x0000024538d427c0 nmethod 1570 0x0000024522fbd790 code [0x0000024522fbd940, 0x0000024522fbdb48]
Event: 2.084 Thread 0x0000024538d427c0 1573       3       jdk.internal.org.objectweb.asm.SymbolTable::addTypeInternal (85 bytes)
Event: 2.084 Thread 0x0000024538d427c0 nmethod 1573 0x0000024522fbdc90 code [0x0000024522fbde60, 0x0000024522fbe478]
Event: 2.084 Thread 0x0000024538d427c0 1571       3       java.lang.invoke.Invokers::maybeCustomize (5 bytes)
Event: 2.085 Thread 0x0000024538d427c0 nmethod 1571 0x0000024522fbe610 code [0x0000024522fbe7a0, 0x0000024522fbe948]
Event: 2.085 Thread 0x0000024538d427c0 1572       3       java.lang.invoke.MethodHandle::maybeCustomize (38 bytes)

GC Heap History (2 events):
Event: 1.276 GC heap before
{Heap before GC invocations=0 (full 0):
 garbage-first heap   total 98304K, used 27648K [0x00000000a0c00000, 0x0000000100000000)
  region size 1024K, 23 young (23552K), 0 survivors (0K)
 Metaspace       used 13323K, committed 13440K, reserved 1064960K
  class space    used 1283K, committed 1344K, reserved 1048576K
}
Event: 1.285 GC heap after
{Heap after GC invocations=1 (full 0):
 garbage-first heap   total 98304K, used 6831K [0x00000000a0c00000, 0x0000000100000000)
  region size 1024K, 3 young (3072K), 3 survivors (3072K)
 Metaspace       used 13323K, committed 13440K, reserved 1064960K
  class space    used 1283K, committed 1344K, reserved 1048576K
}

Dll operation events (1 events):
Event: 0.029 Loaded shared library C:\Program Files\Android\Android Studio\jbr\bin\java.dll

Deoptimization events (20 events):
Event: 1.605 Thread 0x000002451f80c1e0 DEOPT PACKING pc=0x000002452a7e1d84 sp=0x000000d3d93fc200
Event: 1.605 Thread 0x000002451f80c1e0 DEOPT UNPACKING pc=0x000002452a2569a3 sp=0x000000d3d93fc170 mode 2
Event: 1.612 Thread 0x000002451f80c1e0 Uncommon trap: trap_request=0xffffffde fr.pc=0x000002452a7e1d84 relative=0x0000000000000364
Event: 1.612 Thread 0x000002451f80c1e0 Uncommon trap: reason=class_check action=maybe_recompile pc=0x000002452a7e1d84 method=java.util.concurrent.ConcurrentHashMap.get(Ljava/lang/Object;)Ljava/lang/Object; @ 149 c2
Event: 1.612 Thread 0x000002451f80c1e0 DEOPT PACKING pc=0x000002452a7e1d84 sp=0x000000d3d93fc010
Event: 1.612 Thread 0x000002451f80c1e0 DEOPT UNPACKING pc=0x000002452a2569a3 sp=0x000000d3d93fbf80 mode 2
Event: 1.626 Thread 0x000002451f80c1e0 Uncommon trap: trap_request=0xffffffde fr.pc=0x000002452a7e1d84 relative=0x0000000000000364
Event: 1.626 Thread 0x000002451f80c1e0 Uncommon trap: reason=class_check action=maybe_recompile pc=0x000002452a7e1d84 method=java.util.concurrent.ConcurrentHashMap.get(Ljava/lang/Object;)Ljava/lang/Object; @ 149 c2
Event: 1.626 Thread 0x000002451f80c1e0 DEOPT PACKING pc=0x000002452a7e1d84 sp=0x000000d3d93fc430
Event: 1.626 Thread 0x000002451f80c1e0 DEOPT UNPACKING pc=0x000002452a2569a3 sp=0x000000d3d93fc3a0 mode 2
Event: 1.712 Thread 0x000002451f80c1e0 Uncommon trap: trap_request=0xffffff45 fr.pc=0x000002452a7c161c relative=0x000000000000027c
Event: 1.712 Thread 0x000002451f80c1e0 Uncommon trap: reason=unstable_if action=reinterpret pc=0x000002452a7c161c method=java.lang.String.startsWith(Ljava/lang/String;I)Z @ 14 c2
Event: 1.712 Thread 0x000002451f80c1e0 DEOPT PACKING pc=0x000002452a7c161c sp=0x000000d3d93fc590
Event: 1.712 Thread 0x000002451f80c1e0 DEOPT UNPACKING pc=0x000002452a2569a3 sp=0x000000d3d93fc4f0 mode 2
Event: 1.860 Thread 0x000002451f80c1e0 DEOPT PACKING pc=0x0000024522f45934 sp=0x000000d3d93fda80
Event: 1.860 Thread 0x000002451f80c1e0 DEOPT UNPACKING pc=0x000002452a257143 sp=0x000000d3d93fd050 mode 0
Event: 1.992 Thread 0x000002451f80c1e0 Uncommon trap: trap_request=0xffffff45 fr.pc=0x000002452a7da1d0 relative=0x00000000000000b0
Event: 1.992 Thread 0x000002451f80c1e0 Uncommon trap: reason=unstable_if action=reinterpret pc=0x000002452a7da1d0 method=java.lang.Integer.valueOf(I)Ljava/lang/Integer; @ 3 c2
Event: 1.992 Thread 0x000002451f80c1e0 DEOPT PACKING pc=0x000002452a7da1d0 sp=0x000000d3d93fc630
Event: 1.992 Thread 0x000002451f80c1e0 DEOPT UNPACKING pc=0x000002452a2569a3 sp=0x000000d3d93fc5c8 mode 2

Classes unloaded (0 events):
No events

Classes redefined (0 events):
No events

Internal exceptions (11 events):
Event: 1.775 Thread 0x000002451f80c1e0 Exception <a 'java/lang/NoSuchMethodError'{0x00000000a5ffe170}: 'java.lang.Object java.lang.invoke.DirectMethodHandle$Holder.newInvokeSpecial(java.lang.Object, java.lang.Object, java.lang.Object, java.lang.Object, java.lang.Object)'> (0x00000000a5ffe170) 
thrown [s\src\hotspot\share\interpreter\linkResolver.cpp, line 771]
Event: 1.949 Thread 0x000002451f80c1e0 Exception <a 'java/lang/NoSuchMethodError'{0x00000000a5a35868}: 'int java.lang.invoke.DelegatingMethodHandle$Holder.reinvoke_L(java.lang.Object, java.lang.Object, java.lang.Object, long, int, int)'> (0x00000000a5a35868) 
thrown [s\src\hotspot\share\interpreter\linkResolver.cpp, line 771]
Event: 1.953 Thread 0x000002451f80c1e0 Exception <a 'java/lang/NoSuchMethodError'{0x00000000a5a44c70}: 'int java.lang.invoke.DelegatingMethodHandle$Holder.reinvoke_L(java.lang.Object, java.lang.Object, java.lang.Object, long, long, long)'> (0x00000000a5a44c70) 
thrown [s\src\hotspot\share\interpreter\linkResolver.cpp, line 771]
Event: 1.956 Thread 0x000002451f80c1e0 Exception <a 'java/lang/NoSuchMethodError'{0x00000000a5a538b0}: 'int java.lang.invoke.DelegatingMethodHandle$Holder.reinvoke_L(java.lang.Object, java.lang.Object, java.lang.Object, long, java.lang.Object, java.lang.Object)'> (0x00000000a5a538b0) 
thrown [s\src\hotspot\share\interpreter\linkResolver.cpp, line 771]
Event: 1.958 Thread 0x000002451f80c1e0 Exception <a 'java/lang/NoSuchMethodError'{0x00000000a5a62430}: 'void java.lang.invoke.DelegatingMethodHandle$Holder.reinvoke_L(java.lang.Object, java.lang.Object, java.lang.Object, long, java.lang.Object)'> (0x00000000a5a62430) 
thrown [s\src\hotspot\share\interpreter\linkResolver.cpp, line 771]
Event: 1.960 Thread 0x000002451f80c1e0 Exception <a 'java/lang/NoSuchMethodError'{0x00000000a5a6a068}: 'java.lang.Object java.lang.invoke.DirectMethodHandle$Holder.invokeSpecial(java.lang.Object, java.lang.Object, java.lang.Object, java.lang.Object, long)'> (0x00000000a5a6a068) 
thrown [s\src\hotspot\share\interpreter\linkResolver.cpp, line 771]
Event: 1.965 Thread 0x000002451f80c1e0 Exception <a 'java/lang/NoSuchMethodError'{0x00000000a5a82a30}: 'long java.lang.invoke.Invokers$Holder.invoke_MT(java.lang.Object, java.lang.Object, java.lang.Object, java.lang.Object)'> (0x00000000a5a82a30) 
thrown [s\src\hotspot\share\interpreter\linkResolver.cpp, line 771]
Event: 1.967 Thread 0x000002451f80c1e0 Exception <a 'java/lang/NoSuchMethodError'{0x00000000a5a8e250}: 'int java.lang.invoke.DirectMethodHandle$Holder.invokeSpecial(java.lang.Object, java.lang.Object, java.lang.Object)'> (0x00000000a5a8e250) 
thrown [s\src\hotspot\share\interpreter\linkResolver.cpp, line 771]
Event: 1.968 Thread 0x000002451f80c1e0 Exception <a 'java/lang/NoSuchMethodError'{0x00000000a5a92280}: 'int java.lang.invoke.DirectMethodHandle$Holder.invokeSpecial(java.lang.Object, java.lang.Object, java.lang.Object, java.lang.Object)'> (0x00000000a5a92280) 
thrown [s\src\hotspot\share\interpreter\linkResolver.cpp, line 771]
Event: 1.969 Thread 0x000002451f80c1e0 Exception <a 'java/lang/NoSuchMethodError'{0x00000000a5a958e8}: 'int java.lang.invoke.Invokers$Holder.invoke_MT(java.lang.Object, java.lang.Object, java.lang.Object, java.lang.Object)'> (0x00000000a5a958e8) 
thrown [s\src\hotspot\share\interpreter\linkResolver.cpp, line 771]
Event: 1.972 Thread 0x000002451f80c1e0 Exception <a 'java/lang/NoSuchMethodError'{0x00000000a5aa5508}: 'int java.lang.invoke.DelegatingMethodHandle$Holder.reinvoke_L(java.lang.Object, java.lang.Object, java.lang.Object, long, int)'> (0x00000000a5aa5508) 
thrown [s\src\hotspot\share\interpreter\linkResolver.cpp, line 771]

VM Operations (16 events):
Event: 0.332 Executing VM operation: HandshakeAllThreads
Event: 0.332 Executing VM operation: HandshakeAllThreads done
Event: 0.680 Executing VM operation: HandshakeAllThreads
Event: 0.680 Executing VM operation: HandshakeAllThreads done
Event: 0.950 Executing VM operation: HandshakeAllThreads
Event: 0.950 Executing VM operation: HandshakeAllThreads done
Event: 1.276 Executing VM operation: G1CollectForAllocation
Event: 1.285 Executing VM operation: G1CollectForAllocation done
Event: 1.412 Executing VM operation: HandshakeAllThreads
Event: 1.412 Executing VM operation: HandshakeAllThreads done
Event: 1.672 Executing VM operation: ICBufferFull
Event: 1.672 Executing VM operation: ICBufferFull done
Event: 1.860 Executing VM operation: HandshakeAllThreads
Event: 1.860 Executing VM operation: HandshakeAllThreads done
Event: 2.044 Executing VM operation: HandshakeAllThreads
Event: 2.044 Executing VM operation: HandshakeAllThreads done

Events (20 events):
Event: 2.023 loading class java/util/logging/LogManager$4
Event: 2.023 loading class java/util/logging/LogManager$4 done
Event: 2.023 loading class java/util/logging/Logger$SystemLoggerHelper
Event: 2.023 loading class java/util/logging/Logger$SystemLoggerHelper done
Event: 2.023 loading class java/util/logging/Logger$SystemLoggerHelper$1
Event: 2.024 loading class java/util/logging/Logger$SystemLoggerHelper$1 done
Event: 2.024 loading class jdk/internal/logger/DefaultLoggerFinder$1
Event: 2.024 loading class jdk/internal/logger/DefaultLoggerFinder$1 done
Event: 2.039 loading class java/lang/invoke/MethodHandle$1
Event: 2.039 loading class java/lang/invoke/MethodHandle$1 done
Event: 2.044 loading class java/util/Stack
Event: 2.044 loading class java/util/Vector
Event: 2.045 loading class java/util/Vector done
Event: 2.045 loading class java/util/Stack done
Event: 2.045 loading class java/math/BigInteger
Event: 2.047 loading class java/math/BigInteger done
Event: 2.048 loading class java/lang/StrictMath
Event: 2.048 loading class java/lang/StrictMath done
Event: 2.048 loading class java/math/MutableBigInteger
Event: 2.049 loading class java/math/MutableBigInteger done


Dynamic libraries:
0x00007ff698fa0000 - 0x00007ff698faa000 	C:\Program Files\Android\Android Studio\jbr\bin\java.exe
0x00007ffecae50000 - 0x00007ffecb067000 	C:\WINDOWS\SYSTEM32\ntdll.dll
0x00007ffec90d0000 - 0x00007ffec9194000 	C:\WINDOWS\System32\KERNEL32.DLL
0x00007ffec86a0000 - 0x00007ffec8a45000 	C:\WINDOWS\System32\KERNELBASE.dll
0x00007ffec8450000 - 0x00007ffec8561000 	C:\WINDOWS\System32\ucrtbase.dll
0x00007ffe95c70000 - 0x00007ffe95c8b000 	C:\Program Files\Android\Android Studio\jbr\bin\VCRUNTIME140.dll
0x00007ffeaeba0000 - 0x00007ffeaebb7000 	C:\Program Files\Android\Android Studio\jbr\bin\jli.dll
0x00007ffecaaa0000 - 0x00007ffecac4e000 	C:\WINDOWS\System32\USER32.dll
0x00007ffec8b70000 - 0x00007ffec8b96000 	C:\WINDOWS\System32\win32u.dll
0x00007ffeb6f80000 - 0x00007ffeb7213000 	C:\WINDOWS\WinSxS\amd64_microsoft.windows.common-controls_6595b64144ccf1df_6.0.22621.2506_none_270c5ae97388e100\COMCTL32.dll
0x00007ffec90a0000 - 0x00007ffec90c9000 	C:\WINDOWS\System32\GDI32.dll
0x00007ffec81c0000 - 0x00007ffec82d9000 	C:\WINDOWS\System32\gdi32full.dll
0x00007ffec9270000 - 0x00007ffec9317000 	C:\WINDOWS\System32\msvcrt.dll
0x00007ffec8ad0000 - 0x00007ffec8b6a000 	C:\WINDOWS\System32\msvcp_win.dll
0x00007ffeca170000 - 0x00007ffeca1a1000 	C:\WINDOWS\System32\IMM32.DLL
0x00007ffea83e0000 - 0x00007ffea83ec000 	C:\Program Files\Android\Android Studio\jbr\bin\vcruntime140_1.dll
0x00007ffe900e0000 - 0x00007ffe9016d000 	C:\Program Files\Android\Android Studio\jbr\bin\msvcp140.dll
0x00007ffe26440000 - 0x00007ffe270ae000 	C:\Program Files\Android\Android Studio\jbr\bin\server\jvm.dll
0x00007ffec91a0000 - 0x00007ffec9251000 	C:\WINDOWS\System32\ADVAPI32.dll
0x00007ffec8ff0000 - 0x00007ffec9096000 	C:\WINDOWS\System32\sechost.dll
0x00007ffec8d00000 - 0x00007ffec8e17000 	C:\WINDOWS\System32\RPCRT4.dll
0x00007ffebd030000 - 0x00007ffebd03a000 	C:\WINDOWS\SYSTEM32\VERSION.dll
0x00007ffea3400000 - 0x00007ffea3409000 	C:\WINDOWS\SYSTEM32\WSOCK32.dll
0x00007ffec8f70000 - 0x00007ffec8fe1000 	C:\WINDOWS\System32\WS2_32.dll
0x00007ffebed40000 - 0x00007ffebed74000 	C:\WINDOWS\SYSTEM32\WINMM.dll
0x00007ffec7160000 - 0x00007ffec7178000 	C:\WINDOWS\SYSTEM32\kernel.appcore.dll
0x00007ffeb6220000 - 0x00007ffeb622a000 	C:\Program Files\Android\Android Studio\jbr\bin\jimage.dll
0x00007ffec5870000 - 0x00007ffec5aa3000 	C:\WINDOWS\SYSTEM32\DBGHELP.DLL
0x00007ffec9550000 - 0x00007ffec98d9000 	C:\WINDOWS\System32\combase.dll
0x00007ffeca870000 - 0x00007ffeca947000 	C:\WINDOWS\System32\OLEAUT32.dll
0x00007ffeafc50000 - 0x00007ffeafc82000 	C:\WINDOWS\SYSTEM32\dbgcore.DLL
0x00007ffec8a50000 - 0x00007ffec8aca000 	C:\WINDOWS\System32\bcryptPrimitives.dll
0x00007ffeb5aa0000 - 0x00007ffeb5ac5000 	C:\Program Files\Android\Android Studio\jbr\bin\java.dll
0x00007ffeb3620000 - 0x00007ffeb3638000 	C:\Program Files\Android\Android Studio\jbr\bin\zip.dll
0x00007ffec9910000 - 0x00007ffeca169000 	C:\WINDOWS\System32\SHELL32.dll
0x00007ffec60e0000 - 0x00007ffec69d4000 	C:\WINDOWS\SYSTEM32\windows.storage.dll
0x00007ffec5fa0000 - 0x00007ffec60de000 	C:\WINDOWS\SYSTEM32\wintypes.dll
0x00007ffecac50000 - 0x00007ffecad43000 	C:\WINDOWS\System32\SHCORE.dll
0x00007ffecad50000 - 0x00007ffecadae000 	C:\WINDOWS\System32\shlwapi.dll
0x00007ffec80f0000 - 0x00007ffec8116000 	C:\WINDOWS\SYSTEM32\profapi.dll
0x00007ffeb2870000 - 0x00007ffeb2889000 	C:\Program Files\Android\Android Studio\jbr\bin\net.dll
0x00007ffebfc90000 - 0x00007ffebfdc7000 	C:\WINDOWS\SYSTEM32\WINHTTP.dll
0x00007ffec7640000 - 0x00007ffec76a9000 	C:\WINDOWS\system32\mswsock.dll
0x00007ffeb2850000 - 0x00007ffeb2866000 	C:\Program Files\Android\Android Studio\jbr\bin\nio.dll
0x00007ffeb6210000 - 0x00007ffeb6220000 	C:\Program Files\Android\Android Studio\jbr\bin\verify.dll

dbghelp: loaded successfully - version: 4.0.5 - missing functions: none
symbol engine: initialized successfully - sym options: 0x614 - pdb path: .;C:\Program Files\Android\Android Studio\jbr\bin;C:\WINDOWS\SYSTEM32;C:\WINDOWS\WinSxS\amd64_microsoft.windows.common-controls_6595b64144ccf1df_6.0.22621.2506_none_270c5ae97388e100;C:\Program Files\Android\Android Studio\jbr\bin\server

VM Arguments:
java_command: org.jetbrains.kotlin.cli.jvm.K2JVMCompiler @C:\Users\Hateam\AndroidStudioProjects\ApplicationLearning\app\build\20231208_13498659575339417873.compiler.options
java_class_path (initial): C:\Users\Hateam\.gradle\caches\modules-2\files-2.1\org.jetbrains.kotlin\kotlin-compiler-embeddable\1.8.10\b0757fd774344d54ce93f5ad6c30ba1c1731c8ff\kotlin-compiler-embeddable-1.8.10.jar;C:\Users\Hateam\.gradle\caches\modules-2\files-2.1\org.jetbrains.kotlin\kotlin-stdlib\1.8.10\6d5560a229477df9406943d5feda5618e98eb64c\kotlin-stdlib-1.8.10.jar;C:\Users\Hateam\.gradle\caches\modules-2\files-2.1\org.jetbrains.kotlin\kotlin-script-runtime\1.8.10\b13ea9c7e46d589139e56086a878763290e20bd5\kotlin-script-runtime-1.8.10.jar;C:\Users\Hateam\.gradle\caches\modules-2\files-2.1\org.jetbrains.kotlin\kotlin-reflect\1.6.10\1cbe9c92c12a94eea200d23c2bbaedaf3daf5132\kotlin-reflect-1.6.10.jar;C:\Users\Hateam\.gradle\caches\modules-2\files-2.1\org.jetbrains.kotlin\kotlin-daemon-embeddable\1.8.10\ad8541d9bc1cf9e52c3204161247910c2cf601d4\kotlin-daemon-embeddable-1.8.10.jar;C:\Users\Hateam\.gradle\caches\modules-2\files-2.1\org.jetbrains.intellij.deps\trove4j\1.0.20200330\3afb14d5f9ceb459d724e907a21145e8ff394f02\trove4j-1.0.20200330.jar;C:\Users\Hateam\.gradle\caches\modules-2\files-2.1\net.java.dev.jna\jna\5.6.0\330f2244e9030119ab3030fc3fededc86713d9cc\jna-5.6.0.jar;C:\Users\Hateam\.gradle\caches\modules-2\files-2.1\org.jetbrains.kotlin\kotlin-stdlib-common\1.8.10\a61b182458550492c12aee66157d7b524a63a5ec\kotlin-stdlib-common-1.8.10.jar;C:\Users\Hateam\.gradle\caches\modules-2\files-2.1\org.jetbrains\annotations\13.0\919f0dfe192fb4e063e7dacadee7f8bb9a2672a9\annotations-13.0.jar
Launcher Type: SUN_STANDARD

[Global flags]
     intx CICompilerCount                          = 4                                         {product} {ergonomic}
     uint ConcGCThreads                            = 2                                         {product} {ergonomic}
     uint G1ConcRefinementThreads                  = 8                                         {product} {ergonomic}
   size_t G1HeapRegionSize                         = 1048576                                   {product} {ergonomic}
    uintx GCDrainStackTargetSize                   = 64                                        {product} {ergonomic}
   size_t InitialHeapSize                          = 100663296                                 {product} {ergonomic}
   size_t MarkStackSize                            = 4194304                                   {product} {ergonomic}
   size_t MaxHeapSize                              = 1598029824                                {product} {ergonomic}
   size_t MaxNewSize                               = 958398464                                 {product} {ergonomic}
   size_t MinHeapDeltaBytes                        = 1048576                                   {product} {ergonomic}
   size_t MinHeapSize                              = 8388608                                   {product} {ergonomic}
    uintx NonNMethodCodeHeapSize                   = 5839372                                {pd product} {ergonomic}
    uintx NonProfiledCodeHeapSize                  = 122909434                              {pd product} {ergonomic}
    uintx ProfiledCodeHeapSize                     = 122909434                              {pd product} {ergonomic}
    uintx ReservedCodeCacheSize                    = 251658240                              {pd product} {ergonomic}
     bool SegmentedCodeCache                       = true                                      {product} {ergonomic}
   size_t SoftMaxHeapSize                          = 1598029824                             {manageable} {ergonomic}
     bool UseCompressedClassPointers               = true                           {product lp64_product} {ergonomic}
     bool UseCompressedOops                        = true                           {product lp64_product} {ergonomic}
     bool UseG1GC                                  = true                                      {product} {ergonomic}
     bool UseLargePagesIndividualAllocation        = false                                  {pd product} {ergonomic}

Logging:
Log output configuration:
 #0: stdout all=warning uptime,level,tags
 #1: stderr all=off uptime,level,tags

Environment Variables:
PATH=C:\Python312\Scripts\;C:\Python312\;C:\Program Files\Zulu\zulu-17\bin\;C:\Program Files\Common Files\Oracle\Java\javapath;C:\Apache24\bin;C:\WINDOWS\system32;C:\WINDOWS;C:\WINDOWS\System32\Wbem;C:\WINDOWS\System32\WindowsPowerShell\v1.0\;C:\WINDOWS\System32\OpenSSH\;C:\php-8.2.0;C:\Program Files\Microsoft SQL Server\130\Tools\Binn\;C:\Program Files\Microsoft SQL Server\Client SDK\ODBC\170\Tools\Binn\;C:\ProgramData\ComposerSetup\bin;C:\Program Files\nodejs\;C:\ProgramData\chocolatey\bin;C:\Program Files\Git\cmd;C:\Users\Hateam\scoop\shims;C:\Program Files\MySQL\MySQL Shell 8.0\bin\;C:\Users\Hateam\AppData\Local\Programs\Python\Python310\Scripts\;C:\Users\Hateam\AppData\Local\Programs\Python\Python310\;C:\Users\Hateam\AppData\Local\Microsoft\WindowsApps;C:\Users\Hateam\AppData\Local\Programs\Microsoft VS Code\bin;C:\Program Files\Java\jdk-11.0.17\bin\;C:\Users\Hateam\AppData\Roaming\Composer\vendor\bin;C:\Program Files\JetBrains\IntelliJ IDEA Community Edition 2022.3\bin;;C:\Program Files\JetBrains\PyCharm 2023.1.1\bin;;C:\Program Files\JetBrains\IntelliJ IDEA 2023.1.2\bin;;C:\Users\Hateam\AppData\Local\GitHubDesktop\bin;C:\Users\Hateam\AppData\Roaming\npm
USERNAME=Hateam
OS=Windows_NT
PROCESSOR_IDENTIFIER=AMD64 Family 23 Model 24 Stepping 1, AuthenticAMD
TMP=C:\Users\Hateam\AppData\Local\Temp
TEMP=C:\Users\Hateam\AppData\Local\Temp


JNI global refs:
JNI global refs: 8, weak refs: 0

JNI global refs memory usage: 843, weak refs: 841


---------------  S Y S T E M  ---------------

OS:
 Windows 11 , 64 bit Build 22621 (10.0.22621.2506)
OS uptime: 3 days 8:51 hours

CPU: total 8 (initial active 8) (8 cores per cpu, 2 threads per core) family 23 model 24 stepping 1 microcode 0x0, cx8, cmov, fxsr, ht, mmx, 3dnowpref, sse, sse2, sse3, ssse3, sse4a, sse4.1, sse4.2, popcnt, lzcnt, tsc, tscinvbit, avx, avx2, aes, clmul, bmi1, bmi2, adx, sha, fma, vzeroupper, clflush, clflushopt

Memory: 4k page, system-wide physical 6091M (181M free)
TotalPageFile size 24523M (AvailPageFile size 0M)
current process WorkingSet (physical memory assigned to process): 87M, peak: 87M
current process commit charge ("private bytes"): 193M, peak: 193M

vm_info: OpenJDK 64-Bit Server VM (17.0.6+0-b2043.56-10027231) for windows-amd64 JRE (17.0.6+0-b2043.56-10027231), built on Apr 28 2023 00:43:19 by "androidbuild" with MS VC++ 16.10 / 16.11 (VS2019)

END.
